Using pre-set license
Built from '2021.1/staging' branch; Version is '2021.1.15f1 (e767a7370072) revision 15165351'; Using compiler version '192528614'; Build Type 'Release'
OS: 'Windows 10 Pro; OS build 19042.789; Version 2009; 64bit' Language: 'ru' Physical Memory: 32690 MB
BatchMode: 1, IsHumanControllingUs: 0, StartBugReporterOnCrash: 0, Is64bit: 1, IsPro: 0

 COMMAND LINE ARGUMENTS:
C:\Program Files\Unity\Hub\Editor\2021.1.15f1\Editor\Unity.exe
-adb2
-batchMode
-noUpm
-name
AssetImportWorker0
-projectPath
G:/Snake3D
-logFile
Logs/AssetImportWorker0.log
-srvPort
64789
Successfully changed project path to: G:/Snake3D
G:/Snake3D
Using Asset Import Pipeline V2.
Refreshing native plugins compatible for Editor in 124.35 ms, found 3 plugins.
Preloading 0 native plugins for Editor in 0.00 ms.
Initialize engine version: 2021.1.15f1 (e767a7370072)
[Subsystems] Discovering subsystems at path C:/Program Files/Unity/Hub/Editor/2021.1.15f1/Editor/Data/Resources/UnitySubsystems
[Subsystems] Discovering subsystems at path G:/Snake3D/Assets
GfxDevice: creating device client; threaded=0; jobified=0
Direct3D:
    Version:  Direct3D 11.0 [level 11.1]
    Renderer: NVIDIA GeForce RTX 3070 (ID=0x2484)
    Vendor:   NVIDIA
    VRAM:     8043 MB
    Driver:   27.21.14.6589
Initialize mono
Mono path[0] = 'C:/Program Files/Unity/Hub/Editor/2021.1.15f1/Editor/Data/Managed'
Mono path[1] = 'C:/Program Files/Unity/Hub/Editor/2021.1.15f1/Editor/Data/MonoBleedingEdge/lib/mono/unityjit'
Mono config path = 'C:/Program Files/Unity/Hub/Editor/2021.1.15f1/Editor/Data/MonoBleedingEdge/etc'
Using monoOptions --debugger-agent=transport=dt_socket,embedding=1,server=y,suspend=n,address=127.0.0.1:56428
Begin MonoManager ReloadAssembly
Registering precompiled unity dll's ...
Register platform support module: C:/Program Files/Unity/Hub/Editor/2021.1.15f1/Editor/Data/PlaybackEngines/WindowsStandaloneSupport/UnityEditor.WindowsStandalone.Extensions.dll
Registered in 0.001283 seconds.
Native extension for WindowsStandalone target not found
Refreshing native plugins compatible for Editor in 134.54 ms, found 3 plugins.
Preloading 0 native plugins for Editor in 0.00 ms.
Mono: successfully reloaded assembly
- Completed reload, in  0.953 seconds
Domain Reload Profiling:
	ReloadAssembly (953ms)
		BeginReloadAssembly (41ms)
			ExecutionOrderSort (0ms)
			DisableScriptedObjects (0ms)
			BackupInstance (0ms)
			ReleaseScriptingObjects (0ms)
			CreateAndSetChildDomain (1ms)
		EndReloadAssembly (435ms)
			LoadAssemblies (39ms)
			RebuildTransferFunctionScriptingTraits (0ms)
			SetupTypeCache (129ms)
			ReleaseScriptCaches (0ms)
			RebuildScriptCaches (24ms)
			SetupLoadedEditorAssemblies (241ms)
				LogAssemblyErrors (0ms)
				InitializePlatformSupportModulesInManaged (5ms)
				SetLoadedEditorAssemblies (0ms)
				RefreshPlugins (135ms)
				BeforeProcessingInitializeOnLoad (1ms)
				ProcessInitializeOnLoadAttributes (77ms)
				ProcessInitializeOnLoadMethodAttributes (23ms)
				AfterProcessingInitializeOnLoad (0ms)
				EditorAssembliesLoaded (0ms)
			ExecutionOrderSort2 (0ms)
			AwakeInstancesAfterBackupRestoration (0ms)
Platform modules already initialized, skipping
Registering precompiled user dll's ...
Registered in 0.003031 seconds.
Begin MonoManager ReloadAssembly
Symbol file LoadedFromMemory doesn't match image G:\Snake3D\Library\PackageCache\com.unity.visualscripting@1.6.1\Editor\VisualScripting.Core\Dependencies\YamlDotNet\Unity.VisualScripting.YamlDotNet.dll
Symbol file LoadedFromMemory doesn't match image G:\Snake3D\Library\PackageCache\com.unity.visualscripting@1.6.1\Editor\VisualScripting.Core\Dependencies\DotNetZip\Unity.VisualScripting.IonicZip.dll
Native extension for WindowsStandalone target not found
Refreshing native plugins compatible for Editor in 143.41 ms, found 3 plugins.
Preloading 0 native plugins for Editor in 0.00 ms.
Mono: successfully reloaded assembly
- Completed reload, in  1.171 seconds
Domain Reload Profiling:
	ReloadAssembly (1171ms)
		BeginReloadAssembly (116ms)
			ExecutionOrderSort (0ms)
			DisableScriptedObjects (4ms)
			BackupInstance (0ms)
			ReleaseScriptingObjects (0ms)
			CreateAndSetChildDomain (16ms)
		EndReloadAssembly (1008ms)
			LoadAssemblies (67ms)
			RebuildTransferFunctionScriptingTraits (0ms)
			SetupTypeCache (334ms)
			ReleaseScriptCaches (1ms)
			RebuildScriptCaches (47ms)
			SetupLoadedEditorAssemblies (475ms)
				LogAssemblyErrors (0ms)
				InitializePlatformSupportModulesInManaged (3ms)
				SetLoadedEditorAssemblies (0ms)
				RefreshPlugins (143ms)
				BeforeProcessingInitializeOnLoad (78ms)
				ProcessInitializeOnLoadAttributes (239ms)
				ProcessInitializeOnLoadMethodAttributes (4ms)
				AfterProcessingInitializeOnLoad (6ms)
				EditorAssembliesLoaded (0ms)
			ExecutionOrderSort2 (0ms)
			AwakeInstancesAfterBackupRestoration (8ms)
Platform modules already initialized, skipping
========================================================================
Worker process is ready to serve import requests
Launched and connected shader compiler UnityShaderCompiler.exe after 0.03 seconds
Refreshing native plugins compatible for Editor in 1.24 ms, found 3 plugins.
Preloading 0 native plugins for Editor in 0.00 ms.
Unloading 4661 Unused Serialized files (Serialized files now loaded: 0)
System memory in use before: 187.3 MB.
System memory in use after: 187.5 MB.

Unloading 25 unused Assets to reduce memory usage. Loaded Objects now: 5109.
Total: 2.851500 ms (FindLiveObjects: 0.328300 ms CreateObjectMapping: 0.216200 ms MarkObjects: 2.237900 ms  DeleteObjects: 0.067600 ms)

AssetImportParameters requested are different than current active one (requested -> active):
  custom:framework-win-MediaFoundation: 216162199b28c13a410421893ffa2e32 -> 
  custom:video-decoder-ogg-theora: a1e56fd34408186e4bbccfd4996cb3dc -> 
  custom:container-muxer-webm: aa71ff27fc2769a1b78a27578f13a17b -> 
  custom:container-demuxer-webm: 4f35f7cbe854078d1ac9338744f61a02 -> 
  custom:container-demuxer-ogg: 62fdf1f143b41e24485cea50d1cbac27 -> 
  custom:video-encoder-webm-vp8: eb34c28f22e8b96e1ab97ce403110664 -> 
  custom:video-decoder-webm-vp8: 9c59270c3fd7afecdb556c50c9e8de78 -> 
  custom:audio-decoder-ogg-vorbis: bf7c407c2cedff20999df2af8eb42d56 -> 
  custom:audio-encoder-webm-vorbis: bf7c407c2cedff20999df2af8eb42d56 -> 
========================================================================
Received Prepare
Registering precompiled user dll's ...
Registered in 0.003096 seconds.
Begin MonoManager ReloadAssembly
Symbol file LoadedFromMemory doesn't match image G:\Snake3D\Library\PackageCache\com.unity.visualscripting@1.6.1\Editor\VisualScripting.Core\Dependencies\YamlDotNet\Unity.VisualScripting.YamlDotNet.dll
Symbol file LoadedFromMemory doesn't match image G:\Snake3D\Library\PackageCache\com.unity.visualscripting@1.6.1\Editor\VisualScripting.Core\Dependencies\DotNetZip\Unity.VisualScripting.IonicZip.dll
Native extension for WindowsStandalone target not found
Refreshing native plugins compatible for Editor in 2.04 ms, found 3 plugins.
Preloading 0 native plugins for Editor in 0.00 ms.
Mono: successfully reloaded assembly
- Completed reload, in  0.952 seconds
Domain Reload Profiling:
	ReloadAssembly (953ms)
		BeginReloadAssembly (98ms)
			ExecutionOrderSort (0ms)
			DisableScriptedObjects (4ms)
			BackupInstance (0ms)
			ReleaseScriptingObjects (0ms)
			CreateAndSetChildDomain (32ms)
		EndReloadAssembly (809ms)
			LoadAssemblies (67ms)
			RebuildTransferFunctionScriptingTraits (0ms)
			SetupTypeCache (321ms)
			ReleaseScriptCaches (1ms)
			RebuildScriptCaches (36ms)
			SetupLoadedEditorAssemblies (282ms)
				LogAssemblyErrors (0ms)
				InitializePlatformSupportModulesInManaged (4ms)
				SetLoadedEditorAssemblies (0ms)
				RefreshPlugins (2ms)
				BeforeProcessingInitializeOnLoad (56ms)
				ProcessInitializeOnLoadAttributes (211ms)
				ProcessInitializeOnLoadMethodAttributes (4ms)
				AfterProcessingInitializeOnLoad (4ms)
				EditorAssembliesLoaded (0ms)
			ExecutionOrderSort2 (0ms)
			AwakeInstancesAfterBackupRestoration (7ms)
Platform modules already initialized, skipping
Refreshing native plugins compatible for Editor in 1.35 ms, found 3 plugins.
Preloading 0 native plugins for Editor in 0.00 ms.
Unloading 4571 Unused Serialized files (Serialized files now loaded: 0)
System memory in use before: 179.4 MB.
System memory in use after: 179.6 MB.

Unloading 18 unused Assets to reduce memory usage. Loaded Objects now: 5112.
Total: 3.535900 ms (FindLiveObjects: 0.471300 ms CreateObjectMapping: 0.407400 ms MarkObjects: 2.604300 ms  DeleteObjects: 0.051800 ms)

AssetImportParameters requested are different than current active one (requested -> active):
  custom:framework-win-MediaFoundation: 216162199b28c13a410421893ffa2e32 -> 
  custom:video-decoder-ogg-theora: a1e56fd34408186e4bbccfd4996cb3dc -> 
  custom:container-muxer-webm: aa71ff27fc2769a1b78a27578f13a17b -> 
  custom:container-demuxer-webm: 4f35f7cbe854078d1ac9338744f61a02 -> 
  custom:container-demuxer-ogg: 62fdf1f143b41e24485cea50d1cbac27 -> 
  custom:video-encoder-webm-vp8: eb34c28f22e8b96e1ab97ce403110664 -> 
  custom:video-decoder-webm-vp8: 9c59270c3fd7afecdb556c50c9e8de78 -> 
  custom:audio-decoder-ogg-vorbis: bf7c407c2cedff20999df2af8eb42d56 -> 
  custom:audio-encoder-webm-vorbis: bf7c407c2cedff20999df2af8eb42d56 -> 
========================================================================
Received Prepare
Registering precompiled user dll's ...
Registered in 0.003116 seconds.
Begin MonoManager ReloadAssembly
Symbol file LoadedFromMemory doesn't match image G:\Snake3D\Library\PackageCache\com.unity.visualscripting@1.6.1\Editor\VisualScripting.Core\Dependencies\YamlDotNet\Unity.VisualScripting.YamlDotNet.dll
Symbol file LoadedFromMemory doesn't match image G:\Snake3D\Library\PackageCache\com.unity.visualscripting@1.6.1\Editor\VisualScripting.Core\Dependencies\DotNetZip\Unity.VisualScripting.IonicZip.dll
Native extension for WindowsStandalone target not found
Refreshing native plugins compatible for Editor in 2.02 ms, found 3 plugins.
Preloading 0 native plugins for Editor in 0.00 ms.
Mono: successfully reloaded assembly
- Completed reload, in  0.937 seconds
Domain Reload Profiling:
	ReloadAssembly (938ms)
		BeginReloadAssembly (95ms)
			ExecutionOrderSort (0ms)
			DisableScriptedObjects (4ms)
			BackupInstance (0ms)
			ReleaseScriptingObjects (0ms)
			CreateAndSetChildDomain (31ms)
		EndReloadAssembly (792ms)
			LoadAssemblies (70ms)
			RebuildTransferFunctionScriptingTraits (0ms)
			SetupTypeCache (307ms)
			ReleaseScriptCaches (1ms)
			RebuildScriptCaches (35ms)
			SetupLoadedEditorAssemblies (284ms)
				LogAssemblyErrors (0ms)
				InitializePlatformSupportModulesInManaged (5ms)
				SetLoadedEditorAssemblies (0ms)
				RefreshPlugins (2ms)
				BeforeProcessingInitializeOnLoad (55ms)
				ProcessInitializeOnLoadAttributes (212ms)
				ProcessInitializeOnLoadMethodAttributes (4ms)
				AfterProcessingInitializeOnLoad (4ms)
				EditorAssembliesLoaded (0ms)
			ExecutionOrderSort2 (0ms)
			AwakeInstancesAfterBackupRestoration (7ms)
Platform modules already initialized, skipping
Refreshing native plugins compatible for Editor in 1.37 ms, found 3 plugins.
Preloading 0 native plugins for Editor in 0.00 ms.
Unloading 4571 Unused Serialized files (Serialized files now loaded: 0)
System memory in use before: 179.5 MB.
System memory in use after: 179.7 MB.

Unloading 18 unused Assets to reduce memory usage. Loaded Objects now: 5115.
Total: 2.612200 ms (FindLiveObjects: 0.346900 ms CreateObjectMapping: 0.267400 ms MarkObjects: 1.955100 ms  DeleteObjects: 0.041800 ms)

AssetImportParameters requested are different than current active one (requested -> active):
  custom:framework-win-MediaFoundation: 216162199b28c13a410421893ffa2e32 -> 
  custom:video-decoder-ogg-theora: a1e56fd34408186e4bbccfd4996cb3dc -> 
  custom:container-muxer-webm: aa71ff27fc2769a1b78a27578f13a17b -> 
  custom:container-demuxer-webm: 4f35f7cbe854078d1ac9338744f61a02 -> 
  custom:container-demuxer-ogg: 62fdf1f143b41e24485cea50d1cbac27 -> 
  custom:video-encoder-webm-vp8: eb34c28f22e8b96e1ab97ce403110664 -> 
  custom:video-decoder-webm-vp8: 9c59270c3fd7afecdb556c50c9e8de78 -> 
  custom:audio-decoder-ogg-vorbis: bf7c407c2cedff20999df2af8eb42d56 -> 
  custom:audio-encoder-webm-vorbis: bf7c407c2cedff20999df2af8eb42d56 -> 
========================================================================
Received Import Request.
  path: Assets/External Assets/polyperfect/Low Poly Animated Animals/- Prefabs
  artifactKey: Guid(0b6656709dc09e2498aa204f3608f034) Importer(815301076,1909f56bfc062723c751e8b465ee728b)
Start importing Assets/External Assets/polyperfect/Low Poly Animated Animals/- Prefabs using Guid(0b6656709dc09e2498aa204f3608f034) Importer(815301076,1909f56bfc062723c751e8b465ee728b)  -> (artifact id: 'a5ad816b631e02a8500d97f3a863631b') in 0.009426 seconds 
========================================================================
Received Import Request.
  Time since last request: 2.229899 seconds.
  path: Assets/External Assets/polyperfect/Low Poly Animated Animals/01 - Main Scene.unity
  artifactKey: Guid(fd7b3dbff197cbd478b5956c4a4a53a5) Importer(815301076,1909f56bfc062723c751e8b465ee728b)
Start importing Assets/External Assets/polyperfect/Low Poly Animated Animals/01 - Main Scene.unity using Guid(fd7b3dbff197cbd478b5956c4a4a53a5) Importer(815301076,1909f56bfc062723c751e8b465ee728b)  -> (artifact id: '27817d4985bb47240b5b8db30837f06b') in 0.023202 seconds 
========================================================================
Received Import Request.
  Time since last request: 1.935096 seconds.
  path: Assets/External Assets/polyperfect/Low Poly Animated Animals/R E A D  M E.pdf
  artifactKey: Guid(0790c722a7dca4869a03548dad5ed1dd) Importer(815301076,1909f56bfc062723c751e8b465ee728b)
Start importing Assets/External Assets/polyperfect/Low Poly Animated Animals/R E A D  M E.pdf using Guid(0790c722a7dca4869a03548dad5ed1dd) Importer(815301076,1909f56bfc062723c751e8b465ee728b)  -> (artifact id: '31d0d2f943f4ad26f1e6c5811e4fddc4') in 0.059062 seconds 
========================================================================
Received Import Request.
  Time since last request: 26.002530 seconds.
  path: Assets/External Assets/polyperfect/Low Poly Animated Animals/- Prefabs/Animals
  artifactKey: Guid(964f8073a360aaf4eaa6a6e05aa0bdaf) Importer(815301076,1909f56bfc062723c751e8b465ee728b)
Start importing Assets/External Assets/polyperfect/Low Poly Animated Animals/- Prefabs/Animals using Guid(964f8073a360aaf4eaa6a6e05aa0bdaf) Importer(815301076,1909f56bfc062723c751e8b465ee728b)  -> (artifact id: '12a84e9f5da36eb683f7243c2f316294') in 0.005779 seconds 
========================================================================
Received Import Request.
  Time since last request: 0.037622 seconds.
  path: Assets/External Assets/polyperfect/Low Poly Animated Animals/- Prefabs/Animals/Bear.prefab
  artifactKey: Guid(fc3da0b1b2ade5f4b862ae549728831f) Importer(815301076,1909f56bfc062723c751e8b465ee728b)
Start importing Assets/External Assets/polyperfect/Low Poly Animated Animals/- Prefabs/Animals/Bear.prefab using Guid(fc3da0b1b2ade5f4b862ae549728831f) Importer(815301076,1909f56bfc062723c751e8b465ee728b)  -> (artifact id: 'ecaf9c6434589f4ad87149d2fcfb3030') in 0.492648 seconds 
========================================================================
Received Import Request.
  Time since last request: 0.000142 seconds.
  path: Assets/External Assets/polyperfect/Low Poly Animated Animals/- Prefabs/Animals/Cow Black-White.prefab
  artifactKey: Guid(8deda24c4237fd94db95aa127822ba3c) Importer(815301076,1909f56bfc062723c751e8b465ee728b)
Start importing Assets/External Assets/polyperfect/Low Poly Animated Animals/- Prefabs/Animals/Cow Black-White.prefab using Guid(8deda24c4237fd94db95aa127822ba3c) Importer(815301076,1909f56bfc062723c751e8b465ee728b)  -> (artifact id: '81ac9ea8baded4c45fcb95b4a722c38c') in 0.070916 seconds 
========================================================================
Received Import Request.
  Time since last request: 0.000125 seconds.
  path: Assets/External Assets/polyperfect/Low Poly Animated Animals/- Prefabs/Animals/Snake Red.prefab
  artifactKey: Guid(b18f11080da58d0449ec9da835a6123a) Importer(815301076,1909f56bfc062723c751e8b465ee728b)
Start importing Assets/External Assets/polyperfect/Low Poly Animated Animals/- Prefabs/Animals/Snake Red.prefab using Guid(b18f11080da58d0449ec9da835a6123a) Importer(815301076,1909f56bfc062723c751e8b465ee728b)  -> (artifact id: 'e28807221c62ba2a883d0cec8d205320') in 0.292615 seconds 
========================================================================
Received Import Request.
  Time since last request: 0.000143 seconds.
  path: Assets/External Assets/polyperfect/Low Poly Animated Animals/- Prefabs/Animals/Rabbit Brown.prefab
  artifactKey: Guid(829a5f61d90ac4c42b217bbfc1b3cea2) Importer(815301076,1909f56bfc062723c751e8b465ee728b)
Start importing Assets/External Assets/polyperfect/Low Poly Animated Animals/- Prefabs/Animals/Rabbit Brown.prefab using Guid(829a5f61d90ac4c42b217bbfc1b3cea2) Importer(815301076,1909f56bfc062723c751e8b465ee728b)  -> (artifact id: 'dcde4161337585871bd72e22d00b9943') in 0.119359 seconds 
========================================================================
Received Import Request.
  Time since last request: 0.000195 seconds.
  path: Assets/External Assets/polyperfect/Low Poly Animated Animals/- Prefabs/Animals/Gorilla Brown.prefab
  artifactKey: Guid(166de651131410845bbf9789550f6ea0) Importer(815301076,1909f56bfc062723c751e8b465ee728b)
Start importing Assets/External Assets/polyperfect/Low Poly Animated Animals/- Prefabs/Animals/Gorilla Brown.prefab using Guid(166de651131410845bbf9789550f6ea0) Importer(815301076,1909f56bfc062723c751e8b465ee728b)  -> (artifact id: '3baefed89a7bc5454f27bc870f63748e') in 0.080264 seconds 
========================================================================
Received Import Request.
  Time since last request: 0.000172 seconds.
  path: Assets/External Assets/polyperfect/Low Poly Animated Animals/- Prefabs/Animals/Cat Orange.prefab
  artifactKey: Guid(7efd45947c60593499aa27f27b2fc943) Importer(815301076,1909f56bfc062723c751e8b465ee728b)
Start importing Assets/External Assets/polyperfect/Low Poly Animated Animals/- Prefabs/Animals/Cat Orange.prefab using Guid(7efd45947c60593499aa27f27b2fc943) Importer(815301076,1909f56bfc062723c751e8b465ee728b)  -> (artifact id: 'b3f48aef95881c1b94d78b62b80a69fe') in 0.144184 seconds 
========================================================================
Received Import Request.
  Time since last request: 0.000123 seconds.
  path: Assets/External Assets/polyperfect/Low Poly Animated Animals/- Prefabs/Animals/Dog-GreatDane.prefab
  artifactKey: Guid(3530aa07ed1fa41bd899b6d9780d97ad) Importer(815301076,1909f56bfc062723c751e8b465ee728b)
Start importing Assets/External Assets/polyperfect/Low Poly Animated Animals/- Prefabs/Animals/Dog-GreatDane.prefab using Guid(3530aa07ed1fa41bd899b6d9780d97ad) Importer(815301076,1909f56bfc062723c751e8b465ee728b)  -> (artifact id: '95e26a66dc13a48ac953db2c285e4a94') in 0.034168 seconds 
========================================================================
Received Import Request.
  Time since last request: 0.000134 seconds.
  path: Assets/External Assets/polyperfect/Low Poly Animated Animals/- Prefabs/Animals/Crocodile.prefab
  artifactKey: Guid(e0e6ac992a860c4468d220dfdd803cab) Importer(815301076,1909f56bfc062723c751e8b465ee728b)
Start importing Assets/External Assets/polyperfect/Low Poly Animated Animals/- Prefabs/Animals/Crocodile.prefab using Guid(e0e6ac992a860c4468d220dfdd803cab) Importer(815301076,1909f56bfc062723c751e8b465ee728b)  -> (artifact id: '505a66e55189d4e6c762d680fdb73d53') in 0.044336 seconds 
========================================================================
Received Import Request.
  Time since last request: 0.000112 seconds.
  path: Assets/External Assets/polyperfect/Low Poly Animated Animals/- Prefabs/Animals/JellyFish White.prefab
  artifactKey: Guid(d3619d6268c1bec4d97ce2d4e8ceaec7) Importer(815301076,1909f56bfc062723c751e8b465ee728b)
Start importing Assets/External Assets/polyperfect/Low Poly Animated Animals/- Prefabs/Animals/JellyFish White.prefab using Guid(d3619d6268c1bec4d97ce2d4e8ceaec7) Importer(815301076,1909f56bfc062723c751e8b465ee728b)  -> (artifact id: '43d1707908a2349d5e425aebff6f6156') in 0.029396 seconds 
========================================================================
Received Import Request.
  Time since last request: 0.000130 seconds.
  path: Assets/External Assets/polyperfect/Low Poly Animated Animals/- Prefabs/Animals/Rabbit White.prefab
  artifactKey: Guid(69b122cc19161bc47908c71cd75dc515) Importer(815301076,1909f56bfc062723c751e8b465ee728b)
Start importing Assets/External Assets/polyperfect/Low Poly Animated Animals/- Prefabs/Animals/Rabbit White.prefab using Guid(69b122cc19161bc47908c71cd75dc515) Importer(815301076,1909f56bfc062723c751e8b465ee728b)  -> (artifact id: 'bdd1e49c1af5cd4e064d515b18bf3c30') in 0.114736 seconds 
========================================================================
Received Import Request.
  Time since last request: 0.000231 seconds.
  path: Assets/External Assets/polyperfect/Low Poly Animated Animals/- Prefabs/Animals/Horse White.prefab
  artifactKey: Guid(c6a433e6f4854b345bc0e8a730197a94) Importer(815301076,1909f56bfc062723c751e8b465ee728b)
Start importing Assets/External Assets/polyperfect/Low Poly Animated Animals/- Prefabs/Animals/Horse White.prefab using Guid(c6a433e6f4854b345bc0e8a730197a94) Importer(815301076,1909f56bfc062723c751e8b465ee728b)  -> (artifact id: '7280caaa393e23b0dab5a5de6cf17d34') in 0.055444 seconds 
========================================================================
Received Import Request.
  Time since last request: 0.000236 seconds.
  path: Assets/External Assets/polyperfect/Low Poly Animated Animals/- Prefabs/Animals/Seagul.prefab
  artifactKey: Guid(70d97733042ab774ab2df5cd87b89efb) Importer(815301076,1909f56bfc062723c751e8b465ee728b)
Start importing Assets/External Assets/polyperfect/Low Poly Animated Animals/- Prefabs/Animals/Seagul.prefab using Guid(70d97733042ab774ab2df5cd87b89efb) Importer(815301076,1909f56bfc062723c751e8b465ee728b)  -> (artifact id: '68ad8e00056412ce219878fc3d7acf5d') in 0.014779 seconds 
========================================================================
Received Import Request.
  Time since last request: 0.000125 seconds.
  path: Assets/External Assets/polyperfect/Low Poly Animated Animals/- Prefabs/Animals/Penguin.prefab
  artifactKey: Guid(6817fd3c5809228498530e5ebe58f46a) Importer(815301076,1909f56bfc062723c751e8b465ee728b)
Start importing Assets/External Assets/polyperfect/Low Poly Animated Animals/- Prefabs/Animals/Penguin.prefab using Guid(6817fd3c5809228498530e5ebe58f46a) Importer(815301076,1909f56bfc062723c751e8b465ee728b)  -> (artifact id: '947ac8d8da82775d186492f1d3003e5d') in 0.036967 seconds 
========================================================================
Received Import Request.
  Time since last request: 0.000114 seconds.
  path: Assets/External Assets/polyperfect/Low Poly Animated Animals/- Prefabs/Animals/Deer.prefab
  artifactKey: Guid(3a9b422ae305e3b49aadf8ece0bfa915) Importer(815301076,1909f56bfc062723c751e8b465ee728b)
Start importing Assets/External Assets/polyperfect/Low Poly Animated Animals/- Prefabs/Animals/Deer.prefab using Guid(3a9b422ae305e3b49aadf8ece0bfa915) Importer(815301076,1909f56bfc062723c751e8b465ee728b)  -> (artifact id: '9298ad16358a10672f9b31a3044ee010') in 0.123750 seconds 
========================================================================
Received Import Request.
  Time since last request: 0.000105 seconds.
  path: Assets/External Assets/polyperfect/Low Poly Animated Animals/- Prefabs/Animals/Dog-Chihuahua Black.prefab
  artifactKey: Guid(6ed651d2201001a41b3a948ea0165f11) Importer(815301076,1909f56bfc062723c751e8b465ee728b)
Start importing Assets/External Assets/polyperfect/Low Poly Animated Animals/- Prefabs/Animals/Dog-Chihuahua Black.prefab using Guid(6ed651d2201001a41b3a948ea0165f11) Importer(815301076,1909f56bfc062723c751e8b465ee728b)  -> (artifact id: '151f4efafe24cdef431bcb0abed0915e') in 0.027336 seconds 
========================================================================
Received Import Request.
  Time since last request: 0.000128 seconds.
  path: Assets/External Assets/polyperfect/Low Poly Animated Animals/- Prefabs/Animals/DEMO
  artifactKey: Guid(0544b76c6e047448e8d23fd51350e189) Importer(815301076,1909f56bfc062723c751e8b465ee728b)
Start importing Assets/External Assets/polyperfect/Low Poly Animated Animals/- Prefabs/Animals/DEMO using Guid(0544b76c6e047448e8d23fd51350e189) Importer(815301076,1909f56bfc062723c751e8b465ee728b)  -> (artifact id: '215736e8af8f618a39f8f066a956a2ee') in 0.004151 seconds 
========================================================================
Received Import Request.
  Time since last request: 0.000181 seconds.
  path: Assets/External Assets/polyperfect/Low Poly Animated Animals/- Prefabs/Animals/JellyFish Blue.prefab
  artifactKey: Guid(1bc86ea021341ae4db28b1681bf8bc7f) Importer(815301076,1909f56bfc062723c751e8b465ee728b)
Start importing Assets/External Assets/polyperfect/Low Poly Animated Animals/- Prefabs/Animals/JellyFish Blue.prefab using Guid(1bc86ea021341ae4db28b1681bf8bc7f) Importer(815301076,1909f56bfc062723c751e8b465ee728b)  -> (artifact id: '1860c01b35b6a62a2cd021cbe02dabea') in 0.038435 seconds 
========================================================================
Received Import Request.
  Time since last request: 0.000721 seconds.
  path: Assets/External Assets/polyperfect/Low Poly Animated Animals/- Prefabs/Animals/DEMO/Shark.prefab
  artifactKey: Guid(037c87e47b2ee481d99038516ec01a2d) Importer(815301076,1909f56bfc062723c751e8b465ee728b)
Start importing Assets/External Assets/polyperfect/Low Poly Animated Animals/- Prefabs/Animals/DEMO/Shark.prefab using Guid(037c87e47b2ee481d99038516ec01a2d) Importer(815301076,1909f56bfc062723c751e8b465ee728b)  -> (artifact id: 'a74baa7f6020ef07761d778f80100449') in 0.205648 seconds 
========================================================================
Received Import Request.
  Time since last request: 0.000217 seconds.
  path: Assets/External Assets/polyperfect/Low Poly Animated Animals/- Prefabs/Animals/DEMO/Fish.prefab
  artifactKey: Guid(802e67588477e490eacd6920ddb32a43) Importer(815301076,1909f56bfc062723c751e8b465ee728b)
Start importing Assets/External Assets/polyperfect/Low Poly Animated Animals/- Prefabs/Animals/DEMO/Fish.prefab using Guid(802e67588477e490eacd6920ddb32a43) Importer(815301076,1909f56bfc062723c751e8b465ee728b)  -> (artifact id: '44bcf86a255ac4068c2e8d08806f569f') in 0.011556 seconds 
========================================================================
Received Import Request.
  Time since last request: 0.000138 seconds.
  path: Assets/External Assets/polyperfect/Low Poly Animated Animals/- Prefabs/Animals/DEMO/Seagul.prefab
  artifactKey: Guid(1480ce673e7a841369926e9115e65ff0) Importer(815301076,1909f56bfc062723c751e8b465ee728b)
Start importing Assets/External Assets/polyperfect/Low Poly Animated Animals/- Prefabs/Animals/DEMO/Seagul.prefab using Guid(1480ce673e7a841369926e9115e65ff0) Importer(815301076,1909f56bfc062723c751e8b465ee728b)  -> (artifact id: '538d46b8ef6fc3da9e5919758866ac94') in 0.014136 seconds 
========================================================================
Received Import Request.
  Time since last request: 0.000107 seconds.
  path: Assets/External Assets/polyperfect/Low Poly Animated Animals/- Prefabs/Animals/DEMO/Crocodile.prefab
  artifactKey: Guid(369388cfb3f544dc293204b93421f9dd) Importer(815301076,1909f56bfc062723c751e8b465ee728b)
Start importing Assets/External Assets/polyperfect/Low Poly Animated Animals/- Prefabs/Animals/DEMO/Crocodile.prefab using Guid(369388cfb3f544dc293204b93421f9dd) Importer(815301076,1909f56bfc062723c751e8b465ee728b)  -> (artifact id: '06c8bf5575113fb0820d84288cfc3608') in 0.042664 seconds 
========================================================================
Received Import Request.
  Time since last request: 0.000216 seconds.
  path: Assets/External Assets/polyperfect/Low Poly Animated Animals/- Prefabs/Animals/DEMO/Deer.prefab
  artifactKey: Guid(31ac114fcb19c4c358a554a43dd43b30) Importer(815301076,1909f56bfc062723c751e8b465ee728b)
Start importing Assets/External Assets/polyperfect/Low Poly Animated Animals/- Prefabs/Animals/DEMO/Deer.prefab using Guid(31ac114fcb19c4c358a554a43dd43b30) Importer(815301076,1909f56bfc062723c751e8b465ee728b)  -> (artifact id: 'c13d2798781e1ab5b222f9eab829e859') in 0.121199 seconds 
========================================================================
Received Import Request.
  Time since last request: 0.000225 seconds.
  path: Assets/External Assets/polyperfect/Low Poly Animated Animals/- Prefabs/Animals/DEMO/Giraffe.prefab
  artifactKey: Guid(56b52d48de33242fdaf9b0b34b2ce076) Importer(815301076,1909f56bfc062723c751e8b465ee728b)
Start importing Assets/External Assets/polyperfect/Low Poly Animated Animals/- Prefabs/Animals/DEMO/Giraffe.prefab using Guid(56b52d48de33242fdaf9b0b34b2ce076) Importer(815301076,1909f56bfc062723c751e8b465ee728b)  -> (artifact id: '8bd47047af4e3b415f42913bc9da0568') in 0.024815 seconds 
========================================================================
Received Import Request.
  Time since last request: 0.000197 seconds.
  path: Assets/External Assets/polyperfect/Low Poly Animated Animals/- Prefabs/Animals/DEMO/Snake.prefab
  artifactKey: Guid(4c828f339c332427492611b718276025) Importer(815301076,1909f56bfc062723c751e8b465ee728b)
Start importing Assets/External Assets/polyperfect/Low Poly Animated Animals/- Prefabs/Animals/DEMO/Snake.prefab using Guid(4c828f339c332427492611b718276025) Importer(815301076,1909f56bfc062723c751e8b465ee728b)  -> (artifact id: 'b63bd7f986f49bcef981fe9d44c026aa') in 0.281498 seconds 
========================================================================
Received Import Request.
  Time since last request: 0.000118 seconds.
  path: Assets/External Assets/polyperfect/Low Poly Animated Animals/- Prefabs/Animals/DEMO/Elephant.prefab
  artifactKey: Guid(34fcc7611699f4010a541d34a7ff28fa) Importer(815301076,1909f56bfc062723c751e8b465ee728b)
Start importing Assets/External Assets/polyperfect/Low Poly Animated Animals/- Prefabs/Animals/DEMO/Elephant.prefab using Guid(34fcc7611699f4010a541d34a7ff28fa) Importer(815301076,1909f56bfc062723c751e8b465ee728b)  -> (artifact id: 'e17a44183713baddd7e193ea2bd2d188') in 0.072320 seconds 
========================================================================
Received Import Request.
  Time since last request: 0.000225 seconds.
  path: Assets/External Assets/polyperfect/Low Poly Animated Animals/- Prefabs/Animals/DEMO/Wolf.prefab
  artifactKey: Guid(f406d1c0c739e449f904bf3954f17620) Importer(815301076,1909f56bfc062723c751e8b465ee728b)
Start importing Assets/External Assets/polyperfect/Low Poly Animated Animals/- Prefabs/Animals/DEMO/Wolf.prefab using Guid(f406d1c0c739e449f904bf3954f17620) Importer(815301076,1909f56bfc062723c751e8b465ee728b)  -> (artifact id: '3f6914558e81c61b787bec47b6643546') in 0.086915 seconds 
========================================================================
Received Import Request.
  Time since last request: 0.000117 seconds.
  path: Assets/External Assets/polyperfect/Low Poly Animated Animals/- Prefabs/Animals/DEMO/Horse.prefab
  artifactKey: Guid(7d978be19989a4b4980b2f3ff09138c9) Importer(815301076,1909f56bfc062723c751e8b465ee728b)
Start importing Assets/External Assets/polyperfect/Low Poly Animated Animals/- Prefabs/Animals/DEMO/Horse.prefab using Guid(7d978be19989a4b4980b2f3ff09138c9) Importer(815301076,1909f56bfc062723c751e8b465ee728b)  -> (artifact id: 'cc3725e4aee405bc9dfd3a659652a416') in 0.009714 seconds 
========================================================================
Received Import Request.
  Time since last request: 0.000113 seconds.
  path: Assets/External Assets/polyperfect/Low Poly Animated Animals/- Prefabs/Animals/DEMO/Dog-GoldenRetriever.prefab
  artifactKey: Guid(38ce382cb2ca74f3d8efb95fdb210e18) Importer(815301076,1909f56bfc062723c751e8b465ee728b)
Start importing Assets/External Assets/polyperfect/Low Poly Animated Animals/- Prefabs/Animals/DEMO/Dog-GoldenRetriever.prefab using Guid(38ce382cb2ca74f3d8efb95fdb210e18) Importer(815301076,1909f56bfc062723c751e8b465ee728b)  -> (artifact id: 'c828ed95550c9fb08cc174e4ba771133') in 0.035178 seconds 
========================================================================
Received Import Request.
  Time since last request: 0.000218 seconds.
  path: Assets/External Assets/polyperfect/Low Poly Animated Animals/- Prefabs/Animals/DEMO/Dog-GreatDane.prefab
  artifactKey: Guid(02c3eb1e1eeca4a0baacfbead60eaa90) Importer(815301076,1909f56bfc062723c751e8b465ee728b)
Start importing Assets/External Assets/polyperfect/Low Poly Animated Animals/- Prefabs/Animals/DEMO/Dog-GreatDane.prefab using Guid(02c3eb1e1eeca4a0baacfbead60eaa90) Importer(815301076,1909f56bfc062723c751e8b465ee728b)  -> (artifact id: 'd7e4b9870ea8760fe3fbc96fd9423168') in 0.032895 seconds 
========================================================================
Received Import Request.
  Time since last request: 0.000194 seconds.
  path: Assets/External Assets/polyperfect/Low Poly Animated Animals/- Prefabs/Animals/JellyFish Orange.prefab
  artifactKey: Guid(60ba3272028897a42aa9c0e2eb37a568) Importer(815301076,1909f56bfc062723c751e8b465ee728b)
Start importing Assets/External Assets/polyperfect/Low Poly Animated Animals/- Prefabs/Animals/JellyFish Orange.prefab using Guid(60ba3272028897a42aa9c0e2eb37a568) Importer(815301076,1909f56bfc062723c751e8b465ee728b)  -> (artifact id: 'fa6d2a3948f1e84d03c60b1e5f82cc74') in 0.029042 seconds 
========================================================================
Received Import Request.
  Time since last request: 0.000135 seconds.
  path: Assets/External Assets/polyperfect/Low Poly Animated Animals/- Prefabs/Animals/Horse Brown.prefab
  artifactKey: Guid(3e862f40cc8ad65468baa9837635c9c8) Importer(815301076,1909f56bfc062723c751e8b465ee728b)
Start importing Assets/External Assets/polyperfect/Low Poly Animated Animals/- Prefabs/Animals/Horse Brown.prefab using Guid(3e862f40cc8ad65468baa9837635c9c8) Importer(815301076,1909f56bfc062723c751e8b465ee728b)  -> (artifact id: '172aa5b02aa9e36f443554542e74b895') in 0.051651 seconds 
========================================================================
Received Import Request.
  Time since last request: 0.000143 seconds.
  path: Assets/External Assets/polyperfect/Low Poly Animated Animals/- Prefabs/Animals/Cow Brown.prefab
  artifactKey: Guid(28f32469152e3f64c95c5bc66ae60278) Importer(815301076,1909f56bfc062723c751e8b465ee728b)
Start importing Assets/External Assets/polyperfect/Low Poly Animated Animals/- Prefabs/Animals/Cow Brown.prefab using Guid(28f32469152e3f64c95c5bc66ae60278) Importer(815301076,1909f56bfc062723c751e8b465ee728b)  -> (artifact id: '2c61e9d0ba7842b3ffd791ff9cbcf49b') in 0.067035 seconds 
========================================================================
Received Import Request.
  Time since last request: 0.000123 seconds.
  path: Assets/External Assets/polyperfect/Low Poly Animated Animals/- Prefabs/Animals/Fish.prefab
  artifactKey: Guid(a61d0b4c41dabf548be1eb07e22d847a) Importer(815301076,1909f56bfc062723c751e8b465ee728b)
Start importing Assets/External Assets/polyperfect/Low Poly Animated Animals/- Prefabs/Animals/Fish.prefab using Guid(a61d0b4c41dabf548be1eb07e22d847a) Importer(815301076,1909f56bfc062723c751e8b465ee728b)  -> (artifact id: 'b63834630c4756afe2afcda3a1bdc493') in 0.011361 seconds 
========================================================================
Received Import Request.
  Time since last request: 0.000102 seconds.
  path: Assets/External Assets/polyperfect/Low Poly Animated Animals/- Prefabs/Animals/Elephant.prefab
  artifactKey: Guid(d19dd43872ee43b4896d75d23e9db9e6) Importer(815301076,1909f56bfc062723c751e8b465ee728b)
Start importing Assets/External Assets/polyperfect/Low Poly Animated Animals/- Prefabs/Animals/Elephant.prefab using Guid(d19dd43872ee43b4896d75d23e9db9e6) Importer(815301076,1909f56bfc062723c751e8b465ee728b)  -> (artifact id: '01e8dc3e2a8e2ae8ad384f0f1a67decf') in 0.073301 seconds 
========================================================================
Received Import Request.
  Time since last request: 0.000114 seconds.
  path: Assets/External Assets/polyperfect/Low Poly Animated Animals/- Prefabs/Animals/DEMO/Cow.prefab
  artifactKey: Guid(f33d28b62654f43548073eac88ec2e43) Importer(815301076,1909f56bfc062723c751e8b465ee728b)
Start importing Assets/External Assets/polyperfect/Low Poly Animated Animals/- Prefabs/Animals/DEMO/Cow.prefab using Guid(f33d28b62654f43548073eac88ec2e43) Importer(815301076,1909f56bfc062723c751e8b465ee728b)  -> (artifact id: 'e2c34d6cfceac62fd7d7b44150666e15') in 0.066612 seconds 
========================================================================
Received Import Request.
  Time since last request: 0.000129 seconds.
  path: Assets/External Assets/polyperfect/Low Poly Animated Animals/- Prefabs/Animals/Snake Yellow.prefab
  artifactKey: Guid(d1b394efe4dbeb14f8a20e2e04bf1d80) Importer(815301076,1909f56bfc062723c751e8b465ee728b)
Start importing Assets/External Assets/polyperfect/Low Poly Animated Animals/- Prefabs/Animals/Snake Yellow.prefab using Guid(d1b394efe4dbeb14f8a20e2e04bf1d80) Importer(815301076,1909f56bfc062723c751e8b465ee728b)  -> (artifact id: '6f61c850edcb7c98f90cefee4df44f35') in 0.282286 seconds 
========================================================================
Received Import Request.
  Time since last request: 0.000145 seconds.
  path: Assets/External Assets/polyperfect/Low Poly Animated Animals/- Prefabs/Animals/Shark Black.prefab
  artifactKey: Guid(60f0387c246cf014aad3931e71e20959) Importer(815301076,1909f56bfc062723c751e8b465ee728b)
Start importing Assets/External Assets/polyperfect/Low Poly Animated Animals/- Prefabs/Animals/Shark Black.prefab using Guid(60f0387c246cf014aad3931e71e20959) Importer(815301076,1909f56bfc062723c751e8b465ee728b)  -> (artifact id: 'f659953736e98ce42ebdd5bc92e63fe4') in 0.012074 seconds 
========================================================================
Received Import Request.
  Time since last request: 0.000108 seconds.
  path: Assets/External Assets/polyperfect/Low Poly Animated Animals/- Prefabs/Animals/Dog-Chihuahua.prefab
  artifactKey: Guid(7d00f2b1ff01045718e9dbb76d481352) Importer(815301076,1909f56bfc062723c751e8b465ee728b)
Start importing Assets/External Assets/polyperfect/Low Poly Animated Animals/- Prefabs/Animals/Dog-Chihuahua.prefab using Guid(7d00f2b1ff01045718e9dbb76d481352) Importer(815301076,1909f56bfc062723c751e8b465ee728b)  -> (artifact id: '99c96234c763c5573503e9f645771daf') in 0.026972 seconds 
========================================================================
Received Import Request.
  Time since last request: 0.000116 seconds.
  path: Assets/External Assets/polyperfect/Low Poly Animated Animals/- Prefabs/Animals/Wolf Black.prefab
  artifactKey: Guid(54f08473df2a94348a95272458da3885) Importer(815301076,1909f56bfc062723c751e8b465ee728b)
Start importing Assets/External Assets/polyperfect/Low Poly Animated Animals/- Prefabs/Animals/Wolf Black.prefab using Guid(54f08473df2a94348a95272458da3885) Importer(815301076,1909f56bfc062723c751e8b465ee728b)  -> (artifact id: '8aea133cffd35084fe0bab3636b634e0') in 0.088090 seconds 
========================================================================
Received Import Request.
  Time since last request: 0.000125 seconds.
  path: Assets/External Assets/polyperfect/Low Poly Animated Animals/- Prefabs/Animals/DEMO/JellyFish.prefab
  artifactKey: Guid(878eef31fea7e4ca1887a8f9b2331c91) Importer(815301076,1909f56bfc062723c751e8b465ee728b)
Start importing Assets/External Assets/polyperfect/Low Poly Animated Animals/- Prefabs/Animals/DEMO/JellyFish.prefab using Guid(878eef31fea7e4ca1887a8f9b2331c91) Importer(815301076,1909f56bfc062723c751e8b465ee728b)  -> (artifact id: '4142b42a0eb24f99f8c44e6554228d0c') in 0.029047 seconds 
========================================================================
Received Import Request.
  Time since last request: 0.000124 seconds.
  path: Assets/External Assets/polyperfect/Low Poly Animated Animals/- Prefabs/Animals/DEMO/Orca.prefab
  artifactKey: Guid(c4a90d087f9be4595874fb1d146e9dcd) Importer(815301076,1909f56bfc062723c751e8b465ee728b)
Start importing Assets/External Assets/polyperfect/Low Poly Animated Animals/- Prefabs/Animals/DEMO/Orca.prefab using Guid(c4a90d087f9be4595874fb1d146e9dcd) Importer(815301076,1909f56bfc062723c751e8b465ee728b)  -> (artifact id: '1ed2699ea1ba951a236d4efec0951144') in 0.014763 seconds 
========================================================================
Received Import Request.
  Time since last request: 0.000130 seconds.
  path: Assets/External Assets/polyperfect/Low Poly Animated Animals/- Prefabs/Animals/Dog-GreatDane Black.prefab
  artifactKey: Guid(2724ea9d48f53a64299a8e5616a496c8) Importer(815301076,1909f56bfc062723c751e8b465ee728b)
Start importing Assets/External Assets/polyperfect/Low Poly Animated Animals/- Prefabs/Animals/Dog-GreatDane Black.prefab using Guid(2724ea9d48f53a64299a8e5616a496c8) Importer(815301076,1909f56bfc062723c751e8b465ee728b)  -> (artifact id: '60ef4ee0620209a8fe3bcfa5013ff850') in 0.034619 seconds 
========================================================================
Received Import Request.
  Time since last request: 0.000112 seconds.
  path: Assets/External Assets/polyperfect/Low Poly Animated Animals/- Prefabs/Animals/Horse Grey.prefab
  artifactKey: Guid(3d5455030e8b8484c959b12ec1ec124b) Importer(815301076,1909f56bfc062723c751e8b465ee728b)
Start importing Assets/External Assets/polyperfect/Low Poly Animated Animals/- Prefabs/Animals/Horse Grey.prefab using Guid(3d5455030e8b8484c959b12ec1ec124b) Importer(815301076,1909f56bfc062723c751e8b465ee728b)  -> (artifact id: 'c1c568684bc561109390851b2f2f1f0b') in 0.052932 seconds 
========================================================================
Received Import Request.
  Time since last request: 0.000130 seconds.
  path: Assets/External Assets/polyperfect/Low Poly Animated Animals/- Prefabs/Animals/Spider Yellow.prefab
  artifactKey: Guid(2ef322c53a036124bad12637f603d797) Importer(815301076,1909f56bfc062723c751e8b465ee728b)
Start importing Assets/External Assets/polyperfect/Low Poly Animated Animals/- Prefabs/Animals/Spider Yellow.prefab using Guid(2ef322c53a036124bad12637f603d797) Importer(815301076,1909f56bfc062723c751e8b465ee728b)  -> (artifact id: '5e211ae7dde03b613b26200db171a238') in 0.045472 seconds 
========================================================================
Received Import Request.
  Time since last request: 0.000219 seconds.
  path: Assets/External Assets/polyperfect/Low Poly Animated Animals/- Prefabs/Animals/DEMO/Gorilla.prefab
  artifactKey: Guid(1a91eecb60b164b148e0a6b3828427cc) Importer(815301076,1909f56bfc062723c751e8b465ee728b)
Start importing Assets/External Assets/polyperfect/Low Poly Animated Animals/- Prefabs/Animals/DEMO/Gorilla.prefab using Guid(1a91eecb60b164b148e0a6b3828427cc) Importer(815301076,1909f56bfc062723c751e8b465ee728b)  -> (artifact id: '5e5cbd305114434bce3f01647e9e8def') in 0.078402 seconds 
========================================================================
Received Import Request.
  Time since last request: 0.000124 seconds.
  path: Assets/External Assets/polyperfect/Low Poly Animated Animals/- Prefabs/Animals/DEMO/Starfish.prefab
  artifactKey: Guid(6ae254963893f4811ae79cba65777dfd) Importer(815301076,1909f56bfc062723c751e8b465ee728b)
Start importing Assets/External Assets/polyperfect/Low Poly Animated Animals/- Prefabs/Animals/DEMO/Starfish.prefab using Guid(6ae254963893f4811ae79cba65777dfd) Importer(815301076,1909f56bfc062723c751e8b465ee728b)  -> (artifact id: '9caace0cc43b37b55647ef621819ae1d') in 0.017122 seconds 
========================================================================
Received Import Request.
  Time since last request: 0.000153 seconds.
  path: Assets/External Assets/polyperfect/Low Poly Animated Animals/- Prefabs/Animals/Wolf Grey.prefab
  artifactKey: Guid(1159fbfcf2d66ee4b896abb3e41d47c4) Importer(815301076,1909f56bfc062723c751e8b465ee728b)
Start importing Assets/External Assets/polyperfect/Low Poly Animated Animals/- Prefabs/Animals/Wolf Grey.prefab using Guid(1159fbfcf2d66ee4b896abb3e41d47c4) Importer(815301076,1909f56bfc062723c751e8b465ee728b)  -> (artifact id: '5d0dc7af7f5bff29f1e9cd3659bc3761') in 0.089095 seconds 
========================================================================
Received Import Request.
  Time since last request: 0.000122 seconds.
  path: Assets/External Assets/polyperfect/Low Poly Animated Animals/- Prefabs/Animals/Spider Green.prefab
  artifactKey: Guid(c4fa44d6ad133e0409f10009615a9247) Importer(815301076,1909f56bfc062723c751e8b465ee728b)
Start importing Assets/External Assets/polyperfect/Low Poly Animated Animals/- Prefabs/Animals/Spider Green.prefab using Guid(c4fa44d6ad133e0409f10009615a9247) Importer(815301076,1909f56bfc062723c751e8b465ee728b)  -> (artifact id: '83d8cdb3c83daa58712d246672e57560') in 0.045272 seconds 
========================================================================
Received Import Request.
  Time since last request: 0.000119 seconds.
  path: Assets/External Assets/polyperfect/Low Poly Animated Animals/- Prefabs/Animals/DEMO/Bear_polar.prefab
  artifactKey: Guid(b808c2a59943f4e82824567db55f03e1) Importer(815301076,1909f56bfc062723c751e8b465ee728b)
Start importing Assets/External Assets/polyperfect/Low Poly Animated Animals/- Prefabs/Animals/DEMO/Bear_polar.prefab using Guid(b808c2a59943f4e82824567db55f03e1) Importer(815301076,1909f56bfc062723c751e8b465ee728b)  -> (artifact id: '37e252a37170f2d8dcd24bea9453233f') in 0.055612 seconds 
========================================================================
Received Import Request.
  Time since last request: 0.000114 seconds.
  path: Assets/External Assets/polyperfect/Low Poly Animated Animals/- Prefabs/Animals/Horse Black.prefab
  artifactKey: Guid(c495d8b43fce1e94f8716eb35080cb91) Importer(815301076,1909f56bfc062723c751e8b465ee728b)
Start importing Assets/External Assets/polyperfect/Low Poly Animated Animals/- Prefabs/Animals/Horse Black.prefab using Guid(c495d8b43fce1e94f8716eb35080cb91) Importer(815301076,1909f56bfc062723c751e8b465ee728b)  -> (artifact id: '7bd84ca3ad72a49a44a6557d730f7162') in 0.052606 seconds 
========================================================================
Received Import Request.
  Time since last request: 0.000118 seconds.
  path: Assets/External Assets/polyperfect/Low Poly Animated Animals/- Prefabs/Animals/Spider Red.prefab
  artifactKey: Guid(fc9ece646c03b5d4f8c2d3adfb6ffa0e) Importer(815301076,1909f56bfc062723c751e8b465ee728b)
Start importing Assets/External Assets/polyperfect/Low Poly Animated Animals/- Prefabs/Animals/Spider Red.prefab using Guid(fc9ece646c03b5d4f8c2d3adfb6ffa0e) Importer(815301076,1909f56bfc062723c751e8b465ee728b)  -> (artifact id: '3b60fff666783554f1f96bdf2c5707e8') in 0.045043 seconds 
========================================================================
Received Import Request.
  Time since last request: 0.000119 seconds.
  path: Assets/External Assets/polyperfect/Low Poly Animated Animals/- Prefabs/Animals/DEMO/Rabbit.prefab
  artifactKey: Guid(ea2deeacba3a84df18be6183612ea07d) Importer(815301076,1909f56bfc062723c751e8b465ee728b)
Start importing Assets/External Assets/polyperfect/Low Poly Animated Animals/- Prefabs/Animals/DEMO/Rabbit.prefab using Guid(ea2deeacba3a84df18be6183612ea07d) Importer(815301076,1909f56bfc062723c751e8b465ee728b)  -> (artifact id: '8c543a3a1863b405c3b6cf829b4887c9') in 0.118338 seconds 
========================================================================
Received Import Request.
  Time since last request: 0.000214 seconds.
  path: Assets/External Assets/polyperfect/Low Poly Animated Animals/- Prefabs/Animals/DEMO/Bear.prefab
  artifactKey: Guid(ce467225a50fe4d6f831c74165c7cdfa) Importer(815301076,1909f56bfc062723c751e8b465ee728b)
Start importing Assets/External Assets/polyperfect/Low Poly Animated Animals/- Prefabs/Animals/DEMO/Bear.prefab using Guid(ce467225a50fe4d6f831c74165c7cdfa) Importer(815301076,1909f56bfc062723c751e8b465ee728b)  -> (artifact id: 'c602e0aeaf35365cc1ac372f03260522') in 0.056519 seconds 
========================================================================
Received Import Request.
  Time since last request: 0.000139 seconds.
  path: Assets/External Assets/polyperfect/Low Poly Animated Animals/- Prefabs/Animals/DEMO/Dog-Chihuahua.prefab
  artifactKey: Guid(881f7b647f892402cb194d72891c6b78) Importer(815301076,1909f56bfc062723c751e8b465ee728b)
Start importing Assets/External Assets/polyperfect/Low Poly Animated Animals/- Prefabs/Animals/DEMO/Dog-Chihuahua.prefab using Guid(881f7b647f892402cb194d72891c6b78) Importer(815301076,1909f56bfc062723c751e8b465ee728b)  -> (artifact id: 'c3b4f014cbbab8c00c561cb3b338b175') in 0.026941 seconds 
========================================================================
Received Import Request.
  Time since last request: 0.000123 seconds.
  path: Assets/External Assets/polyperfect/Low Poly Animated Animals/- Prefabs/Animals/Cat.prefab
  artifactKey: Guid(9aa610f370cd8454a90934998b7440ed) Importer(815301076,1909f56bfc062723c751e8b465ee728b)
Start importing Assets/External Assets/polyperfect/Low Poly Animated Animals/- Prefabs/Animals/Cat.prefab using Guid(9aa610f370cd8454a90934998b7440ed) Importer(815301076,1909f56bfc062723c751e8b465ee728b)  -> (artifact id: 'b21b1ac658a484e3225585a4f24622a5') in 0.146663 seconds 
========================================================================
Received Import Request.
  Time since last request: 0.000199 seconds.
  path: Assets/External Assets/polyperfect/Low Poly Animated Animals/- Prefabs/Animals/Polar Bear.prefab
  artifactKey: Guid(6ee0769bd911abd4aad799c0b81cab00) Importer(815301076,1909f56bfc062723c751e8b465ee728b)
Start importing Assets/External Assets/polyperfect/Low Poly Animated Animals/- Prefabs/Animals/Polar Bear.prefab using Guid(6ee0769bd911abd4aad799c0b81cab00) Importer(815301076,1909f56bfc062723c751e8b465ee728b)  -> (artifact id: '53f42ae5055053d211b29737a81232c4') in 0.055742 seconds 
========================================================================
Received Import Request.
  Time since last request: 0.000118 seconds.
  path: Assets/External Assets/polyperfect/Low Poly Animated Animals/- Prefabs/Animals/Starfish.prefab
  artifactKey: Guid(3f5c613256bb8481cbafc1d34aa1184e) Importer(815301076,1909f56bfc062723c751e8b465ee728b)
Start importing Assets/External Assets/polyperfect/Low Poly Animated Animals/- Prefabs/Animals/Starfish.prefab using Guid(3f5c613256bb8481cbafc1d34aa1184e) Importer(815301076,1909f56bfc062723c751e8b465ee728b)  -> (artifact id: '1bef902c3e81a16867fefb8a9ed154c2') in 0.017474 seconds 
========================================================================
Received Import Request.
  Time since last request: 0.000115 seconds.
  path: Assets/External Assets/polyperfect/Low Poly Animated Animals/- Prefabs/Animals/Shark White.prefab
  artifactKey: Guid(8f52d003b4269954485d3d0b9ed4139f) Importer(815301076,1909f56bfc062723c751e8b465ee728b)
Start importing Assets/External Assets/polyperfect/Low Poly Animated Animals/- Prefabs/Animals/Shark White.prefab using Guid(8f52d003b4269954485d3d0b9ed4139f) Importer(815301076,1909f56bfc062723c751e8b465ee728b)  -> (artifact id: '3c64f53d2b007079fd5f57f3e821cbe9') in 0.020204 seconds 
========================================================================
Received Import Request.
  Time since last request: 0.000134 seconds.
  path: Assets/External Assets/polyperfect/Low Poly Animated Animals/- Prefabs/Animals/Gorilla Silver.prefab
  artifactKey: Guid(343956e15ca614042b6c7eae1aceb95f) Importer(815301076,1909f56bfc062723c751e8b465ee728b)
Start importing Assets/External Assets/polyperfect/Low Poly Animated Animals/- Prefabs/Animals/Gorilla Silver.prefab using Guid(343956e15ca614042b6c7eae1aceb95f) Importer(815301076,1909f56bfc062723c751e8b465ee728b)  -> (artifact id: 'fc1e12d7e6d832fe4c0b5151a2bf58e1') in 0.080550 seconds 
========================================================================
Received Import Request.
  Time since last request: 0.000124 seconds.
  path: Assets/External Assets/polyperfect/Low Poly Animated Animals/- Prefabs/Animals/Deer Gray.prefab
  artifactKey: Guid(ed4615b93521e4b46a0973aa03b94732) Importer(815301076,1909f56bfc062723c751e8b465ee728b)
Start importing Assets/External Assets/polyperfect/Low Poly Animated Animals/- Prefabs/Animals/Deer Gray.prefab using Guid(ed4615b93521e4b46a0973aa03b94732) Importer(815301076,1909f56bfc062723c751e8b465ee728b)  -> (artifact id: '045fd82fdfed9d8167076ad1a619d167') in 0.123706 seconds 
========================================================================
Received Import Request.
  Time since last request: 0.000122 seconds.
  path: Assets/External Assets/polyperfect/Low Poly Animated Animals/- Prefabs/Animals/DEMO/Cat.prefab
  artifactKey: Guid(a4de01c43a6b748caaee82a2c75c4968) Importer(815301076,1909f56bfc062723c751e8b465ee728b)
Start importing Assets/External Assets/polyperfect/Low Poly Animated Animals/- Prefabs/Animals/DEMO/Cat.prefab using Guid(a4de01c43a6b748caaee82a2c75c4968) Importer(815301076,1909f56bfc062723c751e8b465ee728b)  -> (artifact id: '159572c00a06c2b89f43687b6d016b5c') in 0.139553 seconds 
========================================================================
Received Import Request.
  Time since last request: 0.000194 seconds.
  path: Assets/External Assets/polyperfect/Low Poly Animated Animals/- Prefabs/Animals/Cow Black.prefab
  artifactKey: Guid(82432984c7cfb7f40af9d8caaf71f926) Importer(815301076,1909f56bfc062723c751e8b465ee728b)
Start importing Assets/External Assets/polyperfect/Low Poly Animated Animals/- Prefabs/Animals/Cow Black.prefab using Guid(82432984c7cfb7f40af9d8caaf71f926) Importer(815301076,1909f56bfc062723c751e8b465ee728b)  -> (artifact id: '18230cd77861ae6e08f6cf0e59f983c7') in 0.068223 seconds 
========================================================================
Received Import Request.
  Time since last request: 0.000187 seconds.
  path: Assets/External Assets/polyperfect/Low Poly Animated Animals/- Prefabs/Animals/DEMO/Penguin.prefab
  artifactKey: Guid(2e427f555f3f340c7a65546ad2a81a7a) Importer(815301076,1909f56bfc062723c751e8b465ee728b)
Start importing Assets/External Assets/polyperfect/Low Poly Animated Animals/- Prefabs/Animals/DEMO/Penguin.prefab using Guid(2e427f555f3f340c7a65546ad2a81a7a) Importer(815301076,1909f56bfc062723c751e8b465ee728b)  -> (artifact id: 'd0d93672aaf5744fd721a6d4b0c5db8d') in 0.037429 seconds 
========================================================================
Received Import Request.
  Time since last request: 0.000169 seconds.
  path: Assets/External Assets/polyperfect/Low Poly Animated Animals/- Prefabs/Animals/Dog-GoldenRetriever.prefab
  artifactKey: Guid(16e5f48d612f744039dbecb3e834b94f) Importer(815301076,1909f56bfc062723c751e8b465ee728b)
Start importing Assets/External Assets/polyperfect/Low Poly Animated Animals/- Prefabs/Animals/Dog-GoldenRetriever.prefab using Guid(16e5f48d612f744039dbecb3e834b94f) Importer(815301076,1909f56bfc062723c751e8b465ee728b)  -> (artifact id: '5a64e0893d55542a7d3b67acf9a452bc') in 0.036348 seconds 
========================================================================
Received Import Request.
  Time since last request: 0.000117 seconds.
  path: Assets/External Assets/polyperfect/Low Poly Animated Animals/- Prefabs/Animals/Gorilla Black.prefab
  artifactKey: Guid(57a429f4b3b3c754e975b792ed61d63a) Importer(815301076,1909f56bfc062723c751e8b465ee728b)
Start importing Assets/External Assets/polyperfect/Low Poly Animated Animals/- Prefabs/Animals/Gorilla Black.prefab using Guid(57a429f4b3b3c754e975b792ed61d63a) Importer(815301076,1909f56bfc062723c751e8b465ee728b)  -> (artifact id: 'bea44ba6b7ab7f4a05b6a8e06d2ac895') in 0.078497 seconds 
========================================================================
Received Import Request.
  Time since last request: 0.000187 seconds.
  path: Assets/External Assets/polyperfect/Low Poly Animated Animals/- Prefabs/Animals/Giraffe.prefab
  artifactKey: Guid(0d9eb53229fd4e4428e17f457310aada) Importer(815301076,1909f56bfc062723c751e8b465ee728b)
Start importing Assets/External Assets/polyperfect/Low Poly Animated Animals/- Prefabs/Animals/Giraffe.prefab using Guid(0d9eb53229fd4e4428e17f457310aada) Importer(815301076,1909f56bfc062723c751e8b465ee728b)  -> (artifact id: '9dd3622098b814b6063f9f754c58576a') in 0.025791 seconds 
========================================================================
Received Import Request.
  Time since last request: 0.000188 seconds.
  path: Assets/External Assets/polyperfect/Low Poly Animated Animals/- Prefabs/Animals/Cat Black.prefab
  artifactKey: Guid(0ca7c81f5e8d6c64792a13aef1f23bb2) Importer(815301076,1909f56bfc062723c751e8b465ee728b)
Start importing Assets/External Assets/polyperfect/Low Poly Animated Animals/- Prefabs/Animals/Cat Black.prefab using Guid(0ca7c81f5e8d6c64792a13aef1f23bb2) Importer(815301076,1909f56bfc062723c751e8b465ee728b)  -> (artifact id: 'bf2f51efd46be38a8240abc26cdd8fff') in 0.141560 seconds 
========================================================================
Received Import Request.
  Time since last request: 0.000152 seconds.
  path: Assets/External Assets/polyperfect/Low Poly Animated Animals/- Prefabs/Animals/Orca.prefab
  artifactKey: Guid(83e5f758f79d148b898ca89e7d3207ce) Importer(815301076,1909f56bfc062723c751e8b465ee728b)
Start importing Assets/External Assets/polyperfect/Low Poly Animated Animals/- Prefabs/Animals/Orca.prefab using Guid(83e5f758f79d148b898ca89e7d3207ce) Importer(815301076,1909f56bfc062723c751e8b465ee728b)  -> (artifact id: '856e5a32fa5d25096f7c689f3ef84e94') in 0.014917 seconds 
========================================================================
Received Import Request.
  Time since last request: 0.000143 seconds.
  path: Assets/External Assets/polyperfect/Low Poly Animated Animals/- Prefabs/Animals/DEMO/Spider.prefab
  artifactKey: Guid(652878394fa0e41deb08911ec350a66b) Importer(815301076,1909f56bfc062723c751e8b465ee728b)
Start importing Assets/External Assets/polyperfect/Low Poly Animated Animals/- Prefabs/Animals/DEMO/Spider.prefab using Guid(652878394fa0e41deb08911ec350a66b) Importer(815301076,1909f56bfc062723c751e8b465ee728b)  -> (artifact id: '44f040a72dffde60ff3124719e367e76') in 0.046413 seconds 
========================================================================
Received Prepare
Registering precompiled user dll's ...
Registered in 0.003171 seconds.
Begin MonoManager ReloadAssembly
Symbol file LoadedFromMemory doesn't match image G:\Snake3D\Library\PackageCache\com.unity.visualscripting@1.6.1\Editor\VisualScripting.Core\Dependencies\YamlDotNet\Unity.VisualScripting.YamlDotNet.dll
Symbol file LoadedFromMemory doesn't match image G:\Snake3D\Library\PackageCache\com.unity.visualscripting@1.6.1\Editor\VisualScripting.Core\Dependencies\DotNetZip\Unity.VisualScripting.IonicZip.dll
Native extension for WindowsStandalone target not found
Refreshing native plugins compatible for Editor in 1.33 ms, found 3 plugins.
Preloading 0 native plugins for Editor in 0.00 ms.
Mono: successfully reloaded assembly
- Completed reload, in  0.991 seconds
Domain Reload Profiling:
	ReloadAssembly (991ms)
		BeginReloadAssembly (108ms)
			ExecutionOrderSort (0ms)
			DisableScriptedObjects (5ms)
			BackupInstance (0ms)
			ReleaseScriptingObjects (0ms)
			CreateAndSetChildDomain (35ms)
		EndReloadAssembly (834ms)
			LoadAssemblies (71ms)
			RebuildTransferFunctionScriptingTraits (0ms)
			SetupTypeCache (322ms)
			ReleaseScriptCaches (2ms)
			RebuildScriptCaches (38ms)
			SetupLoadedEditorAssemblies (283ms)
				LogAssemblyErrors (0ms)
				InitializePlatformSupportModulesInManaged (4ms)
				SetLoadedEditorAssemblies (0ms)
				RefreshPlugins (1ms)
				BeforeProcessingInitializeOnLoad (55ms)
				ProcessInitializeOnLoadAttributes (213ms)
				ProcessInitializeOnLoadMethodAttributes (4ms)
				AfterProcessingInitializeOnLoad (5ms)
				EditorAssembliesLoaded (0ms)
			ExecutionOrderSort2 (0ms)
			AwakeInstancesAfterBackupRestoration (11ms)
Platform modules already initialized, skipping
Refreshing native plugins compatible for Editor in 1.35 ms, found 3 plugins.
Preloading 0 native plugins for Editor in 0.00 ms.
Unloading 4571 Unused Serialized files (Serialized files now loaded: 0)
System memory in use before: 202.3 MB.
System memory in use after: 202.6 MB.

Unloading 18 unused Assets to reduce memory usage. Loaded Objects now: 5164.
Total: 2.730700 ms (FindLiveObjects: 0.342100 ms CreateObjectMapping: 0.249700 ms MarkObjects: 2.091500 ms  DeleteObjects: 0.046800 ms)

AssetImportParameters requested are different than current active one (requested -> active):
  custom:framework-win-MediaFoundation: 216162199b28c13a410421893ffa2e32 -> 
  custom:video-decoder-ogg-theora: a1e56fd34408186e4bbccfd4996cb3dc -> 
  custom:container-muxer-webm: aa71ff27fc2769a1b78a27578f13a17b -> 
  custom:container-demuxer-webm: 4f35f7cbe854078d1ac9338744f61a02 -> 
  custom:container-demuxer-ogg: 62fdf1f143b41e24485cea50d1cbac27 -> 
  custom:video-encoder-webm-vp8: eb34c28f22e8b96e1ab97ce403110664 -> 
  custom:video-decoder-webm-vp8: 9c59270c3fd7afecdb556c50c9e8de78 -> 
  custom:audio-decoder-ogg-vorbis: bf7c407c2cedff20999df2af8eb42d56 -> 
  custom:audio-encoder-webm-vorbis: bf7c407c2cedff20999df2af8eb42d56 -> 
========================================================================
Received Import Request.
  Time since last request: 29.109811 seconds.
  path: Assets/External Assets/polyperfect/Low Poly Animated Animals/- Prefabs/Animals/DEMO/Snake.prefab
  artifactKey: Guid(4c828f339c332427492611b718276025) Importer(815301076,1909f56bfc062723c751e8b465ee728b)
Start importing Assets/External Assets/polyperfect/Low Poly Animated Animals/- Prefabs/Animals/DEMO/Snake.prefab using Guid(4c828f339c332427492611b718276025) Importer(815301076,1909f56bfc062723c751e8b465ee728b)  -> (artifact id: '2082f07b0542339de47fc49aed61f875') in 0.399440 seconds 
========================================================================
Received Import Request.
  Time since last request: 0.157599 seconds.
  path: Assets/External Assets/polyperfect/Low Poly Animated Animals/- Prefabs/Animals/DEMO/Snake.prefab
  artifactKey: Guid(4c828f339c332427492611b718276025) Importer(815301076,1909f56bfc062723c751e8b465ee728b)
Start importing Assets/External Assets/polyperfect/Low Poly Animated Animals/- Prefabs/Animals/DEMO/Snake.prefab using Guid(4c828f339c332427492611b718276025) Importer(815301076,1909f56bfc062723c751e8b465ee728b)  -> (artifact id: 'f7832369dd4aa853b5ca1c10b45a02f1') in 0.289107 seconds 
========================================================================
Received Import Request.
  Time since last request: 3.122689 seconds.
  path: Assets/External Assets/polyperfect/Low Poly Animated Animals/- Prefabs/Animals/DEMO/Snake.prefab
  artifactKey: Guid(4c828f339c332427492611b718276025) Importer(815301076,1909f56bfc062723c751e8b465ee728b)
Start importing Assets/External Assets/polyperfect/Low Poly Animated Animals/- Prefabs/Animals/DEMO/Snake.prefab using Guid(4c828f339c332427492611b718276025) Importer(815301076,1909f56bfc062723c751e8b465ee728b)  -> (artifact id: 'e1f2add126529321195e688e6bcd0c3f') in 0.284063 seconds 
========================================================================
Received Import Request.
  Time since last request: 0.520268 seconds.
  path: Assets/External Assets/polyperfect/Low Poly Animated Animals/- Prefabs/Animals/DEMO/Snake.prefab
  artifactKey: Guid(4c828f339c332427492611b718276025) Importer(815301076,1909f56bfc062723c751e8b465ee728b)
Start importing Assets/External Assets/polyperfect/Low Poly Animated Animals/- Prefabs/Animals/DEMO/Snake.prefab using Guid(4c828f339c332427492611b718276025) Importer(815301076,1909f56bfc062723c751e8b465ee728b)  -> (artifact id: '1239eaa27bd037049cfee530eeafb9f9') in 0.277583 seconds 
========================================================================
Received Prepare
Registering precompiled user dll's ...
Registered in 0.003194 seconds.
Begin MonoManager ReloadAssembly
Symbol file LoadedFromMemory doesn't match image G:\Snake3D\Library\PackageCache\com.unity.visualscripting@1.6.1\Editor\VisualScripting.Core\Dependencies\YamlDotNet\Unity.VisualScripting.YamlDotNet.dll
Symbol file LoadedFromMemory doesn't match image G:\Snake3D\Library\PackageCache\com.unity.visualscripting@1.6.1\Editor\VisualScripting.Core\Dependencies\DotNetZip\Unity.VisualScripting.IonicZip.dll
Native extension for WindowsStandalone target not found
Refreshing native plugins compatible for Editor in 1.27 ms, found 3 plugins.
Preloading 0 native plugins for Editor in 0.00 ms.
Mono: successfully reloaded assembly
- Completed reload, in  0.992 seconds
Domain Reload Profiling:
	ReloadAssembly (992ms)
		BeginReloadAssembly (94ms)
			ExecutionOrderSort (0ms)
			DisableScriptedObjects (5ms)
			BackupInstance (0ms)
			ReleaseScriptingObjects (0ms)
			CreateAndSetChildDomain (38ms)
		EndReloadAssembly (840ms)
			LoadAssemblies (66ms)
			RebuildTransferFunctionScriptingTraits (0ms)
			SetupTypeCache (325ms)
			ReleaseScriptCaches (2ms)
			RebuildScriptCaches (37ms)
			SetupLoadedEditorAssemblies (279ms)
				LogAssemblyErrors (0ms)
				InitializePlatformSupportModulesInManaged (4ms)
				SetLoadedEditorAssemblies (0ms)
				RefreshPlugins (1ms)
				BeforeProcessingInitializeOnLoad (51ms)
				ProcessInitializeOnLoadAttributes (214ms)
				ProcessInitializeOnLoadMethodAttributes (4ms)
				AfterProcessingInitializeOnLoad (4ms)
				EditorAssembliesLoaded (0ms)
			ExecutionOrderSort2 (0ms)
			AwakeInstancesAfterBackupRestoration (11ms)
Platform modules already initialized, skipping
Refreshing native plugins compatible for Editor in 1.32 ms, found 3 plugins.
Preloading 0 native plugins for Editor in 0.00 ms.
Unloading 4562 Unused Serialized files (Serialized files now loaded: 0)
System memory in use before: 202.3 MB.
System memory in use after: 202.5 MB.

Unloading 26 unused Assets to reduce memory usage. Loaded Objects now: 5195.
Total: 2.644700 ms (FindLiveObjects: 0.330900 ms CreateObjectMapping: 0.229600 ms MarkObjects: 2.038400 ms  DeleteObjects: 0.045000 ms)

AssetImportParameters requested are different than current active one (requested -> active):
  custom:framework-win-MediaFoundation: 216162199b28c13a410421893ffa2e32 -> 
  custom:video-decoder-ogg-theora: a1e56fd34408186e4bbccfd4996cb3dc -> 
  custom:container-muxer-webm: aa71ff27fc2769a1b78a27578f13a17b -> 
  custom:container-demuxer-webm: 4f35f7cbe854078d1ac9338744f61a02 -> 
  custom:container-demuxer-ogg: 62fdf1f143b41e24485cea50d1cbac27 -> 
  custom:video-encoder-webm-vp8: eb34c28f22e8b96e1ab97ce403110664 -> 
  custom:video-decoder-webm-vp8: 9c59270c3fd7afecdb556c50c9e8de78 -> 
  custom:audio-decoder-ogg-vorbis: bf7c407c2cedff20999df2af8eb42d56 -> 
  custom:audio-encoder-webm-vorbis: bf7c407c2cedff20999df2af8eb42d56 -> 
========================================================================
Received Import Request.
  Time since last request: 15.394674 seconds.
  path: Assets/_Scenes/Game.unity
  artifactKey: Guid(aa2935a9d7cbdac4f84b2fd675c189d9) Importer(815301076,1909f56bfc062723c751e8b465ee728b)
Start importing Assets/_Scenes/Game.unity using Guid(aa2935a9d7cbdac4f84b2fd675c189d9) Importer(815301076,1909f56bfc062723c751e8b465ee728b)  -> (artifact id: '6b29d2e2ca5cfdd59484a670d53ad6b3') in 0.019519 seconds 
========================================================================
Received Import Request.
  Time since last request: 3.840069 seconds.
  path: Assets/External Assets/polyperfect/Common/Common_AnimationControl.cs
  artifactKey: Guid(33cc093b2f4fc9448a750c3c3aa3b2e2) Importer(815301076,1909f56bfc062723c751e8b465ee728b)
Start importing Assets/External Assets/polyperfect/Common/Common_AnimationControl.cs using Guid(33cc093b2f4fc9448a750c3c3aa3b2e2) Importer(815301076,1909f56bfc062723c751e8b465ee728b)  -> (artifact id: 'c98ac814f14bd2a7237e7d970eba4a0d') in 0.015014 seconds 
========================================================================
Received Import Request.
  Time since last request: 0.307322 seconds.
  path: Assets/External Assets/polyperfect/Common/Wander Script
  artifactKey: Guid(1133b766d0d9a3d4bac9923211461854) Importer(815301076,1909f56bfc062723c751e8b465ee728b)
Start importing Assets/External Assets/polyperfect/Common/Wander Script using Guid(1133b766d0d9a3d4bac9923211461854) Importer(815301076,1909f56bfc062723c751e8b465ee728b)  -> (artifact id: '3dd84fe0504d28304521594381c4ae5f') in 0.004439 seconds 
========================================================================
Received Prepare
Registering precompiled user dll's ...
Registered in 0.003141 seconds.
Begin MonoManager ReloadAssembly
Symbol file LoadedFromMemory doesn't match image G:\Snake3D\Library\PackageCache\com.unity.visualscripting@1.6.1\Editor\VisualScripting.Core\Dependencies\YamlDotNet\Unity.VisualScripting.YamlDotNet.dll
Symbol file LoadedFromMemory doesn't match image G:\Snake3D\Library\PackageCache\com.unity.visualscripting@1.6.1\Editor\VisualScripting.Core\Dependencies\DotNetZip\Unity.VisualScripting.IonicZip.dll
Native extension for WindowsStandalone target not found
Refreshing native plugins compatible for Editor in 1.28 ms, found 3 plugins.
Preloading 0 native plugins for Editor in 0.00 ms.
Mono: successfully reloaded assembly
- Completed reload, in  1.012 seconds
Domain Reload Profiling:
	ReloadAssembly (1012ms)
		BeginReloadAssembly (99ms)
			ExecutionOrderSort (0ms)
			DisableScriptedObjects (4ms)
			BackupInstance (0ms)
			ReleaseScriptingObjects (0ms)
			CreateAndSetChildDomain (33ms)
		EndReloadAssembly (855ms)
			LoadAssemblies (76ms)
			RebuildTransferFunctionScriptingTraits (0ms)
			SetupTypeCache (345ms)
			ReleaseScriptCaches (1ms)
			RebuildScriptCaches (35ms)
			SetupLoadedEditorAssemblies (275ms)
				LogAssemblyErrors (0ms)
				InitializePlatformSupportModulesInManaged (4ms)
				SetLoadedEditorAssemblies (0ms)
				RefreshPlugins (1ms)
				BeforeProcessingInitializeOnLoad (53ms)
				ProcessInitializeOnLoadAttributes (209ms)
				ProcessInitializeOnLoadMethodAttributes (4ms)
				AfterProcessingInitializeOnLoad (5ms)
				EditorAssembliesLoaded (0ms)
			ExecutionOrderSort2 (0ms)
			AwakeInstancesAfterBackupRestoration (12ms)
Platform modules already initialized, skipping
Refreshing native plugins compatible for Editor in 1.22 ms, found 3 plugins.
Preloading 0 native plugins for Editor in 0.00 ms.
Unloading 4545 Unused Serialized files (Serialized files now loaded: 0)
System memory in use before: 201.7 MB.
System memory in use after: 201.9 MB.

Unloading 32 unused Assets to reduce memory usage. Loaded Objects now: 5184.
Total: 3.360700 ms (FindLiveObjects: 0.321800 ms CreateObjectMapping: 0.176500 ms MarkObjects: 2.776000 ms  DeleteObjects: 0.085600 ms)

AssetImportParameters requested are different than current active one (requested -> active):
  custom:framework-win-MediaFoundation: 216162199b28c13a410421893ffa2e32 -> 
  custom:video-decoder-ogg-theora: a1e56fd34408186e4bbccfd4996cb3dc -> 
  custom:container-muxer-webm: aa71ff27fc2769a1b78a27578f13a17b -> 
  custom:container-demuxer-webm: 4f35f7cbe854078d1ac9338744f61a02 -> 
  custom:container-demuxer-ogg: 62fdf1f143b41e24485cea50d1cbac27 -> 
  custom:video-encoder-webm-vp8: eb34c28f22e8b96e1ab97ce403110664 -> 
  custom:video-decoder-webm-vp8: 9c59270c3fd7afecdb556c50c9e8de78 -> 
  custom:audio-decoder-ogg-vorbis: bf7c407c2cedff20999df2af8eb42d56 -> 
  custom:audio-encoder-webm-vorbis: bf7c407c2cedff20999df2af8eb42d56 -> 
========================================================================
Received Import Request.
  Time since last request: 46.836767 seconds.
  path: Assets/Prefabs/Snake
  artifactKey: Guid(e13949fc4ba076541b1a908498cc2af0) Importer(815301076,1909f56bfc062723c751e8b465ee728b)
Start importing Assets/Prefabs/Snake using Guid(e13949fc4ba076541b1a908498cc2af0) Importer(815301076,1909f56bfc062723c751e8b465ee728b)  -> (artifact id: 'dedee2f50692ea5403568f6f00cfbed0') in 0.006027 seconds 
========================================================================
Received Import Request.
  Time since last request: 228.567668 seconds.
  path: Assets/Materials
  artifactKey: Guid(a2dba78f4549152478f33d5052b66818) Importer(815301076,1909f56bfc062723c751e8b465ee728b)
Start importing Assets/Materials using Guid(a2dba78f4549152478f33d5052b66818) Importer(815301076,1909f56bfc062723c751e8b465ee728b)  -> (artifact id: '085d1547f55e9a5688dbe5c1dfb5fa13') in 0.004684 seconds 
========================================================================
Received Import Request.
  Time since last request: 38.686593 seconds.
  path: Assets/External Assets/polyperfect/Common/Materials/Colors/36 GREEN.mat
  artifactKey: Guid(fb045539f4b18a242aca8e57e88c5cd7) Importer(815301076,1909f56bfc062723c751e8b465ee728b)
Start importing Assets/External Assets/polyperfect/Common/Materials/Colors/36 GREEN.mat using Guid(fb045539f4b18a242aca8e57e88c5cd7) Importer(815301076,1909f56bfc062723c751e8b465ee728b)  -> (artifact id: '91055ca19f98bc77f4117dd010bcdf40') in 0.143919 seconds 
========================================================================
Received Import Request.
  Time since last request: 0.011462 seconds.
  path: Assets/External Assets/polyperfect/Low Poly Ultimate Pack/M/- Meshes_M/Tiles_M/tile-plain.fbx
  artifactKey: Guid(5c134a65d70034177a59fa3c42be2596) Importer(815301076,1909f56bfc062723c751e8b465ee728b)
Start importing Assets/External Assets/polyperfect/Low Poly Ultimate Pack/M/- Meshes_M/Tiles_M/tile-plain.fbx using Guid(5c134a65d70034177a59fa3c42be2596) Importer(815301076,1909f56bfc062723c751e8b465ee728b)  -> (artifact id: 'b2f03351a496af38484966c2db734edd') in 0.041932 seconds 
========================================================================
Received Import Request.
  Time since last request: 0.001454 seconds.
  path: Assets/External Assets/polyperfect/Common/Materials/Colors/9 BROWN-DARKEST.mat
  artifactKey: Guid(3b20fc9e84b968641b7312bdcdd1ffd8) Importer(815301076,1909f56bfc062723c751e8b465ee728b)
Start importing Assets/External Assets/polyperfect/Common/Materials/Colors/9 BROWN-DARKEST.mat using Guid(3b20fc9e84b968641b7312bdcdd1ffd8) Importer(815301076,1909f56bfc062723c751e8b465ee728b)  -> (artifact id: '18183c9b32d4ffcd204fede50c867861') in 0.008174 seconds 
========================================================================
Received Import Request.
  Time since last request: 12.515213 seconds.
  path: Assets/External Assets/polyperfect/Common/Materials/Colors/Emission/59 EMISSION-WHITE.mat
  artifactKey: Guid(f025c5db938b349a8b450e845b67e20a) Importer(815301076,1909f56bfc062723c751e8b465ee728b)
Start importing Assets/External Assets/polyperfect/Common/Materials/Colors/Emission/59 EMISSION-WHITE.mat using Guid(f025c5db938b349a8b450e845b67e20a) Importer(815301076,1909f56bfc062723c751e8b465ee728b)  -> (artifact id: '298b7c279ca88b0461a738f646e0b13e') in 0.009778 seconds 
========================================================================
Received Import Request.
  Time since last request: 0.010575 seconds.
  path: Assets/External Assets/polyperfect/Low Poly Ultimate Pack/M/- Meshes_M/Farm_M/farm-house.fbx
  artifactKey: Guid(c45e683187dcf4eff82278206bfafdf3) Importer(815301076,1909f56bfc062723c751e8b465ee728b)
Start importing Assets/External Assets/polyperfect/Low Poly Ultimate Pack/M/- Meshes_M/Farm_M/farm-house.fbx using Guid(c45e683187dcf4eff82278206bfafdf3) Importer(815301076,1909f56bfc062723c751e8b465ee728b)  -> (artifact id: '6a7e5b55e3f7f4ad14221b33314d2bee') in 0.013100 seconds 
========================================================================
Received Import Request.
  Time since last request: 0.001327 seconds.
  path: Assets/External Assets/polyperfect/Common/Materials/Colors/35 GREEN-MEDIUM.mat
  artifactKey: Guid(87ff71ffc286b91449d2296928632aed) Importer(815301076,1909f56bfc062723c751e8b465ee728b)
Start importing Assets/External Assets/polyperfect/Common/Materials/Colors/35 GREEN-MEDIUM.mat using Guid(87ff71ffc286b91449d2296928632aed) Importer(815301076,1909f56bfc062723c751e8b465ee728b)  -> (artifact id: 'd079c07af368f0cb66aae65258ccfa74') in 0.009489 seconds 
========================================================================
Received Import Request.
  Time since last request: 0.009653 seconds.
  path: Assets/External Assets/polyperfect/Low Poly Ultimate Pack/M/- Meshes_M/Farm_M/tractor-carriage.fbx
  artifactKey: Guid(ab374212c8316482a919a399534135a9) Importer(815301076,1909f56bfc062723c751e8b465ee728b)
Start importing Assets/External Assets/polyperfect/Low Poly Ultimate Pack/M/- Meshes_M/Farm_M/tractor-carriage.fbx using Guid(ab374212c8316482a919a399534135a9) Importer(815301076,1909f56bfc062723c751e8b465ee728b)  -> (artifact id: '5b6acb25e66da4febc7810aa4467e0a5') in 0.046483 seconds 
========================================================================
Received Import Request.
  Time since last request: 0.002326 seconds.
  path: Assets/External Assets/polyperfect/Common/Materials/Colors/43 BLUE-MEDIUM.mat
  artifactKey: Guid(4ea8e2de4ac6b564c98a36f67a2ad64f) Importer(815301076,1909f56bfc062723c751e8b465ee728b)
Start importing Assets/External Assets/polyperfect/Common/Materials/Colors/43 BLUE-MEDIUM.mat using Guid(4ea8e2de4ac6b564c98a36f67a2ad64f) Importer(815301076,1909f56bfc062723c751e8b465ee728b)  -> (artifact id: '32e1062712719cb36e00b8e5789e72ac') in 0.009077 seconds 
========================================================================
Received Import Request.
  Time since last request: 0.009721 seconds.
  path: Assets/External Assets/polyperfect/Low Poly Ultimate Pack/M/- Meshes_M/Farm_M/scarecrow.fbx
  artifactKey: Guid(1b0a6a531618e42449b54d22ae571a12) Importer(815301076,1909f56bfc062723c751e8b465ee728b)
Start importing Assets/External Assets/polyperfect/Low Poly Ultimate Pack/M/- Meshes_M/Farm_M/scarecrow.fbx using Guid(1b0a6a531618e42449b54d22ae571a12) Importer(815301076,1909f56bfc062723c751e8b465ee728b)  -> (artifact id: 'feef4b0458f17129b9748b4cfb4b3ce9') in 0.011995 seconds 
========================================================================
Received Import Request.
  Time since last request: 0.001358 seconds.
  path: Assets/External Assets/polyperfect/Common/Materials/Colors/14 BROWN LIGHTEST.mat
  artifactKey: Guid(a7862d5615928c34e868320de65c2777) Importer(815301076,1909f56bfc062723c751e8b465ee728b)
Start importing Assets/External Assets/polyperfect/Common/Materials/Colors/14 BROWN LIGHTEST.mat using Guid(a7862d5615928c34e868320de65c2777) Importer(815301076,1909f56bfc062723c751e8b465ee728b)  -> (artifact id: '1106b7fd918e1199e364e06836359a6e') in 0.008695 seconds 
========================================================================
Received Import Request.
  Time since last request: 0.001425 seconds.
  path: Assets/External Assets/polyperfect/Common/Materials/Colors/17 GREY-DARKEST.mat
  artifactKey: Guid(c48ed0c67054fc24da0ac1cced5a308c) Importer(815301076,1909f56bfc062723c751e8b465ee728b)
Start importing Assets/External Assets/polyperfect/Common/Materials/Colors/17 GREY-DARKEST.mat using Guid(c48ed0c67054fc24da0ac1cced5a308c) Importer(815301076,1909f56bfc062723c751e8b465ee728b)  -> (artifact id: '59c13ae0893768604f8899b523df0131') in 0.008520 seconds 
========================================================================
Received Import Request.
  Time since last request: 0.007734 seconds.
  path: Assets/External Assets/polyperfect/Low Poly Ultimate Pack/M/- Meshes_M/Props_M/timber.fbx
  artifactKey: Guid(3c052913b69d745b4baac3180e19fdda) Importer(815301076,1909f56bfc062723c751e8b465ee728b)
Start importing Assets/External Assets/polyperfect/Low Poly Ultimate Pack/M/- Meshes_M/Props_M/timber.fbx using Guid(3c052913b69d745b4baac3180e19fdda) Importer(815301076,1909f56bfc062723c751e8b465ee728b)  -> (artifact id: '61dc3bcb0f0748fc02f3113c43c2d90f') in 0.013002 seconds 
========================================================================
Received Import Request.
  Time since last request: 0.001302 seconds.
  path: Assets/External Assets/polyperfect/Common/Materials/Colors/13 BROWN-LIGHT.mat
  artifactKey: Guid(3193cf6cf65b8a748b1a843c78e6c26d) Importer(815301076,1909f56bfc062723c751e8b465ee728b)
Start importing Assets/External Assets/polyperfect/Common/Materials/Colors/13 BROWN-LIGHT.mat using Guid(3193cf6cf65b8a748b1a843c78e6c26d) Importer(815301076,1909f56bfc062723c751e8b465ee728b)  -> (artifact id: '8168eb4560fbb10d2485568b3ea80d03') in 0.008201 seconds 
========================================================================
Received Import Request.
  Time since last request: 0.007763 seconds.
  path: Assets/External Assets/polyperfect/Low Poly Ultimate Pack/M/- Meshes_M/Farm_M/farm-silo.fbx
  artifactKey: Guid(9fe2dd1ad78834eff8b7314b7268a1ff) Importer(815301076,1909f56bfc062723c751e8b465ee728b)
Start importing Assets/External Assets/polyperfect/Low Poly Ultimate Pack/M/- Meshes_M/Farm_M/farm-silo.fbx using Guid(9fe2dd1ad78834eff8b7314b7268a1ff) Importer(815301076,1909f56bfc062723c751e8b465ee728b)  -> (artifact id: '3c47db397bb3e2c09d7b8caa9bc4b0d2') in 0.012545 seconds 
========================================================================
Received Import Request.
  Time since last request: 0.014283 seconds.
  path: Assets/External Assets/polyperfect/Low Poly Ultimate Pack/M/- Meshes_M/Farm_M/hay-pile.fbx
  artifactKey: Guid(15b3f2f34b7724ac499a6b9ce39a2b83) Importer(815301076,1909f56bfc062723c751e8b465ee728b)
Start importing Assets/External Assets/polyperfect/Low Poly Ultimate Pack/M/- Meshes_M/Farm_M/hay-pile.fbx using Guid(15b3f2f34b7724ac499a6b9ce39a2b83) Importer(815301076,1909f56bfc062723c751e8b465ee728b)  -> (artifact id: 'f0c6a282bc309dd6b2fb82c7b5c20bd0') in 0.010877 seconds 
========================================================================
Received Import Request.
  Time since last request: 0.001384 seconds.
  path: Assets/External Assets/polyperfect/Common/Materials/Colors/20 GREY.mat
  artifactKey: Guid(5fe0aebe85b574b4a94e74712f0aa915) Importer(815301076,1909f56bfc062723c751e8b465ee728b)
Start importing Assets/External Assets/polyperfect/Common/Materials/Colors/20 GREY.mat using Guid(5fe0aebe85b574b4a94e74712f0aa915) Importer(815301076,1909f56bfc062723c751e8b465ee728b)  -> (artifact id: '2c3e7554a8fbe228d1edace4dcfe11a4') in 0.007867 seconds 
========================================================================
Received Import Request.
  Time since last request: 0.001287 seconds.
  path: Assets/External Assets/polyperfect/Common/Materials/Colors/26 RED-DARK.mat
  artifactKey: Guid(48b31daa83ddb854fadd9402702394e4) Importer(815301076,1909f56bfc062723c751e8b465ee728b)
Start importing Assets/External Assets/polyperfect/Common/Materials/Colors/26 RED-DARK.mat using Guid(48b31daa83ddb854fadd9402702394e4) Importer(815301076,1909f56bfc062723c751e8b465ee728b)  -> (artifact id: '4395a71acf2cfeda6e36bc290ad0bc84') in 0.008093 seconds 
========================================================================
Received Import Request.
  Time since last request: 0.020826 seconds.
  path: Assets/External Assets/polyperfect/Common/Materials/Colors/12 BROWN.mat
  artifactKey: Guid(d07dc9a550022a74792d211f343e0b16) Importer(815301076,1909f56bfc062723c751e8b465ee728b)
Start importing Assets/External Assets/polyperfect/Common/Materials/Colors/12 BROWN.mat using Guid(d07dc9a550022a74792d211f343e0b16) Importer(815301076,1909f56bfc062723c751e8b465ee728b)  -> (artifact id: 'b220d8b45e160fca2b4a2d0776b1342e') in 0.007990 seconds 
========================================================================
Received Import Request.
  Time since last request: 0.007814 seconds.
  path: Assets/External Assets/polyperfect/Low Poly Ultimate Pack/M/- Meshes_M/Farm_M/hay-cube.fbx
  artifactKey: Guid(30750356f1fba4d67bf1c9ffe840d662) Importer(815301076,1909f56bfc062723c751e8b465ee728b)
Start importing Assets/External Assets/polyperfect/Low Poly Ultimate Pack/M/- Meshes_M/Farm_M/hay-cube.fbx using Guid(30750356f1fba4d67bf1c9ffe840d662) Importer(815301076,1909f56bfc062723c751e8b465ee728b)  -> (artifact id: '9fc3aa8d9df44083357889a35e00806b') in 0.012928 seconds 
========================================================================
Received Import Request.
  Time since last request: 0.033457 seconds.
  path: Assets/External Assets/polyperfect/Low Poly Ultimate Pack/M/- Meshes_M/Farm_M/tractor.fbx
  artifactKey: Guid(9361cd145cbec4b75b1a9a43114cec43) Importer(815301076,1909f56bfc062723c751e8b465ee728b)
Start importing Assets/External Assets/polyperfect/Low Poly Ultimate Pack/M/- Meshes_M/Farm_M/tractor.fbx using Guid(9361cd145cbec4b75b1a9a43114cec43) Importer(815301076,1909f56bfc062723c751e8b465ee728b)  -> (artifact id: '6b5cc2e0ea62d9e2e651bb0c51034021') in 0.041650 seconds 
========================================================================
Received Import Request.
  Time since last request: 0.008057 seconds.
  path: Assets/External Assets/polyperfect/Low Poly Ultimate Pack/M/- Meshes_M/Farm_M/haystack.fbx
  artifactKey: Guid(4aa64991d6aa64af49837e91e0c5ad92) Importer(815301076,1909f56bfc062723c751e8b465ee728b)
Start importing Assets/External Assets/polyperfect/Low Poly Ultimate Pack/M/- Meshes_M/Farm_M/haystack.fbx using Guid(4aa64991d6aa64af49837e91e0c5ad92) Importer(815301076,1909f56bfc062723c751e8b465ee728b)  -> (artifact id: '49f7fd8eb85be1bff703ced473736dc4') in 0.010906 seconds 
========================================================================
Received Import Request.
  Time since last request: 0.001142 seconds.
  path: Assets/External Assets/polyperfect/Common/Materials/Colors/7 SKIN-WHITE.mat
  artifactKey: Guid(816a1e9d58d34d34b85cfabc577a2fa4) Importer(815301076,1909f56bfc062723c751e8b465ee728b)
Start importing Assets/External Assets/polyperfect/Common/Materials/Colors/7 SKIN-WHITE.mat using Guid(816a1e9d58d34d34b85cfabc577a2fa4) Importer(815301076,1909f56bfc062723c751e8b465ee728b)  -> (artifact id: '152457df51afffb2817da330c215c3ec') in 0.008394 seconds 
========================================================================
Received Import Request.
  Time since last request: 0.001316 seconds.
  path: Assets/External Assets/polyperfect/Common/Materials/Colors/64 GLASS.mat
  artifactKey: Guid(ffce2a7e1519d465684f3f97da456fa9) Importer(815301076,1909f56bfc062723c751e8b465ee728b)
Start importing Assets/External Assets/polyperfect/Common/Materials/Colors/64 GLASS.mat using Guid(ffce2a7e1519d465684f3f97da456fa9) Importer(815301076,1909f56bfc062723c751e8b465ee728b)  -> (artifact id: '5f3466730458dfb4274319ceb9ff9886') in 0.013329 seconds 
========================================================================
Received Import Request.
  Time since last request: 0.001374 seconds.
  path: Assets/External Assets/polyperfect/Common/Materials/Colors/10 BROWN-DARK.mat
  artifactKey: Guid(6e3ac6e47b4d7a44685dfef9bf209413) Importer(815301076,1909f56bfc062723c751e8b465ee728b)
Start importing Assets/External Assets/polyperfect/Common/Materials/Colors/10 BROWN-DARK.mat using Guid(6e3ac6e47b4d7a44685dfef9bf209413) Importer(815301076,1909f56bfc062723c751e8b465ee728b)  -> (artifact id: '528cbdcc1876d8527a1de9fa62a53d5f') in 0.008292 seconds 
========================================================================
Received Import Request.
  Time since last request: 4.569898 seconds.
  path: Assets/_Scenes/MainMenu.unity
  artifactKey: Guid(3738a255ab9233f419ee7ad506ccb1f3) Importer(815301076,1909f56bfc062723c751e8b465ee728b)
Start importing Assets/_Scenes/MainMenu.unity using Guid(3738a255ab9233f419ee7ad506ccb1f3) Importer(815301076,1909f56bfc062723c751e8b465ee728b)  -> (artifact id: '155acea5ba4b93910de8ea51308ac738') in 0.004445 seconds 
========================================================================
Received Import Request.
  Time since last request: 17.987289 seconds.
  path: Assets/_Scenes/Game.unity
  artifactKey: Guid(aa2935a9d7cbdac4f84b2fd675c189d9) Importer(815301076,1909f56bfc062723c751e8b465ee728b)
Start importing Assets/_Scenes/Game.unity using Guid(aa2935a9d7cbdac4f84b2fd675c189d9) Importer(815301076,1909f56bfc062723c751e8b465ee728b)  -> (artifact id: 'a60dc3538c50036ae7fa69390efce353') in 0.001705 seconds 
========================================================================
Received Import Request.
  Time since last request: 190.257429 seconds.
  path: Assets/polyperfect/Low Poly Ultimate Pack/M/- Prefabs_M/Nature_M/egg-dino-nest.prefab
  artifactKey: Guid(acbba44ba06dd4a0b8c736731541ee67) Importer(815301076,1909f56bfc062723c751e8b465ee728b)
Start importing Assets/polyperfect/Low Poly Ultimate Pack/M/- Prefabs_M/Nature_M/egg-dino-nest.prefab using Guid(acbba44ba06dd4a0b8c736731541ee67) Importer(815301076,1909f56bfc062723c751e8b465ee728b)  -> (artifact id: '5db4d28df589a290cd8e52e35f0212b7') in 0.016347 seconds 
========================================================================
Received Import Request.
  Time since last request: 0.000139 seconds.
  path: Assets/polyperfect/Low Poly Ultimate Pack/M/- Prefabs_M/Nature_M/rain.prefab
  artifactKey: Guid(649d5051d643b5f4db455c443d8e9c23) Importer(815301076,1909f56bfc062723c751e8b465ee728b)
Start importing Assets/polyperfect/Low Poly Ultimate Pack/M/- Prefabs_M/Nature_M/rain.prefab using Guid(649d5051d643b5f4db455c443d8e9c23) Importer(815301076,1909f56bfc062723c751e8b465ee728b)  -> (artifact id: 'e7da5d104653b8689890f0cf252970d8') in 0.009858 seconds 
========================================================================
Received Import Request.
  Time since last request: 0.000130 seconds.
  path: Assets/polyperfect/Low Poly Ultimate Pack/M/- Prefabs_M/Nature_M/egg-dino.prefab
  artifactKey: Guid(4207a74f77da74ef187e0830e18aefb1) Importer(815301076,1909f56bfc062723c751e8b465ee728b)
Start importing Assets/polyperfect/Low Poly Ultimate Pack/M/- Prefabs_M/Nature_M/egg-dino.prefab using Guid(4207a74f77da74ef187e0830e18aefb1) Importer(815301076,1909f56bfc062723c751e8b465ee728b)  -> (artifact id: '18bf8987a61749f53f6385dab12b2425') in 0.009277 seconds 
========================================================================
Received Import Request.
  Time since last request: 0.000115 seconds.
  path: Assets/polyperfect/Low Poly Ultimate Pack/M/- Prefabs_M/Nature_M/egg-dino-open.prefab
  artifactKey: Guid(ef3018d34df76462380e1551a5fca9da) Importer(815301076,1909f56bfc062723c751e8b465ee728b)
Start importing Assets/polyperfect/Low Poly Ultimate Pack/M/- Prefabs_M/Nature_M/egg-dino-open.prefab using Guid(ef3018d34df76462380e1551a5fca9da) Importer(815301076,1909f56bfc062723c751e8b465ee728b)  -> (artifact id: '8fcc9a6f7c4761aca3044915712065e9') in 0.008933 seconds 
========================================================================
Received Import Request.
  Time since last request: 0.000137 seconds.
  path: Assets/polyperfect/Low Poly Ultimate Pack/M/- Prefabs_M/Nature_M/lava-brick.prefab
  artifactKey: Guid(a1d89933fb1be4802970fc62deb8ce37) Importer(815301076,1909f56bfc062723c751e8b465ee728b)
Start importing Assets/polyperfect/Low Poly Ultimate Pack/M/- Prefabs_M/Nature_M/lava-brick.prefab using Guid(a1d89933fb1be4802970fc62deb8ce37) Importer(815301076,1909f56bfc062723c751e8b465ee728b)  -> (artifact id: '2dc264a1c040757e5564acea19fc0aae') in 0.010465 seconds 
========================================================================
Received Import Request.
  Time since last request: 0.000105 seconds.
  path: Assets/polyperfect/Low Poly Ultimate Pack/M/- Prefabs_M/Nature_M/water-wave-circle.prefab
  artifactKey: Guid(8dfca704eb0cf4e9c81773e2df7ef913) Importer(815301076,1909f56bfc062723c751e8b465ee728b)
Start importing Assets/polyperfect/Low Poly Ultimate Pack/M/- Prefabs_M/Nature_M/water-wave-circle.prefab using Guid(8dfca704eb0cf4e9c81773e2df7ef913) Importer(815301076,1909f56bfc062723c751e8b465ee728b)  -> (artifact id: '5189c22321917ad2468bd82422f2eab2') in 0.008867 seconds 
AssetImportWorkerClient::OnTransportError - code=2 error=End of file
